2019-10-10 21:09:03,WT3F00000000,-0.479,0.013,0.138,0.000,0.000,0.000,5.240,73.911,14.744,210,178,-6,24.99,,,,0.79517,-0.04083,0.60028,0.07516,,,,
2019-10-10 21:09:03,WT3F00000000,-0.479,0.013,0.138,0.000,0.000,0.000,5.240,73.911,15.139,212,179,-1,24.99,,,,0.79492,-0.04288,0.60013,0.07791,,,,
2019-10-10 21:09:03,WT3F00000000,-0.479,0.013,0.138,0.000,0.000,0.000,5.240,73.905,15.546,211,180,-2,24.99,,,,0.79465,-0.04501,0.59998,0.08072,,,,
2019-10-10 21:09:03,WT3F00000000,-0.479,0.013,0.138,0.000,0.000,0.000,5.246,73.905,15.831,211,183,-9,24.99,,,,0.79443,-0.04648,0.59985,0.08267,,,,
2019-10-10 21:09:04,WT3F00000000,-0.479,0.013,0.138,0.000,0.000,0.000,5.246,73.905,16.133,211,179,0,24.99,,,,0.79422,-0.04807,0.59973,0.08478,,,,
2019-10-10 21:09:04,WT3F00000000,-0.479,0.013,0.138,0.000,0.000,0.000,5.246,73.905,16.414,209,182,-7,24.99,,,,0.79401,-0.04953,0.59961,0.08673,,,,
2019-10-10 21:09:04,WT3F00000000,-0.479,0.013,0.138,0.000,0.000,0.000,5.246,73.905,16.655,212,183,-6,24.99,,,,0.79382,-0.05078,0.59949,0.08838,,,,
2019-10-10 21:09:04,WT3F00000000,-0.479,0.013,0.138,0.000,0.000,0.000,5.246,73.905,16.957,212,183,0,24.99,,,,0.79361,-0.05234,0.59937,0.09048,,,,
2019-10-10 21:09:04,WT3F00000000,-0.479,0.013,0.138,0.000,0.000,0.000,5.251,73.905,17.287,210,176,-1,24.99,,,,0.79333,-0.05408,0.59918,0.09277,,,,
2019-10-10 21:09:04,WT3F00000000,-0.479,0.013,0.138,0.000,0.000,0.000,5.251,73.905,13.661,215,178,-199,24.99,,,,0.79590,-0.03506,0.60062,0.06760,,,,
2019-10-10 21:09:05,WT3F00000000,-0.479,0.013,0.138,0.000,0.000,0.000,5.251,73.905,12.942,210,181,-21,24.99,,,,0.79630,-0.03128,0.60080,0.06259,,,,
2019-10-10 21:09:05,WT3F00000000,-0.479,0.013,0.138,0.000,0.000,0.000,5.251,73.900,13.414,210,175,0,24.99,,,,0.79602,-0.03378,0.60068,0.06589,,,,
2019-10-10 21:09:05,WT3F00000000,-0.479,0.013,0.138,0.000,0.000,0.000,5.251,73.900,14.073,210,178,10,24.99,,,,0.79565,-0.03720,0.60046,0.07043,,,,
2019-10-10 21:09:05,WT3F00000000,-0.479,0.013,0.138,0.000,0.000,0.000,5.251,73.900,14.705,215,180,9,24.99,,,,0.79526,-0.04050,0.60025,0.07483,,,,
2019-10-10 21:09:05,WT3F00000000,-0.479,0.013,0.138,0.000,0.000,0.000,5.251,73.900,15.260,212,181,5,24.99,,,,0.79486,-0.04340,0.60004,0.07867,,,,
2019-10-10 21:09:05,WT3F00000000,-0.479,0.013,0.138,0.000,0.000,0.000,5.257,73.900,15.727,211,180,0,24.99,,,,0.79456,-0.04587,0.59985,0.08191,,,,
2019-10-10 21:09:05,WT3F00000000,-0.479,0.013,0.138,0.000,0.000,0.000,5.257,73.900,16.144,213,176,9,24.99,,,,0.79425,-0.04803,0.59970,0.08481,,,,
2019-10-10 21:09:06,WT3F00000000,-0.479,0.013,0.138,0.000,0.000,0.000,5.257,73.900,16.633,217,179,0,24.99,,,,0.79388,-0.05060,0.59949,0.08820,,,,
2019-10-10 21:09:06,WT3F00000000,-0.479,0.013,0.138,0.000,0.000,0.000,5.257,73.900,17.012,216,179,1,24.99,,,,0.79358,-0.05255,0.59930,0.09079,,,,
2019-10-10 21:09:06,WT3F00000000,-0.479,0.013,0.138,0.000,0.000,0.000,5.257,73.900,17.276,210,181,-5,24.99,,,,0.79337,-0.05392,0.59918,0.09262,,,,
2019-10-10 21:09:06,WT3F00000000,-0.479,0.013,0.138,0.000,0.000,0.000,5.257,73.900,17.501,209,176,-11,24.99,,,,0.79318,-0.05511,0.59906,0.09418,,,,
2019-10-10 21:09:06,WT3F00000000,-0.479,0.013,0.138,0.000,0.000,0.000,5.257,73.900,17.639,208,181,-7,24.99,,,,0.79309,-0.05582,0.59900,0.09512,,,,
2019-10-10 21:09:06,WT3F00000000,-0.479,0.013,0.138,0.000,0.000,0.000,5.257,73.900,17.798,211,182,-6,24.99,,,,0.79294,-0.05664,0.59894,0.09622,,,,
2019-10-10 21:09:06,WT3F00000000,-0.479,0.013,0.138,0.000,0.000,0.000,5.257,73.900,16.463,211,186,-638,24.99,,,,0.79404,-0.04965,0.59955,0.08698,,,,
2019-10-10 21:09:07,WT3F00000000,-0.479,0.013,0.138,0.000,0.000,0.000,5.257,73.900,13.782,215,184,-83,24.99,,,,0.79584,-0.03564,0.60052,0.06839,,,,
2019-10-10 21:09:07,WT3F00000000,-0.479,0.013,0.138,0.000,0.000,0.000,5.257,73.900,13.694,212,184,-15,24.99,,,,0.79590,-0.03519,0.60056,0.06778,,,,
2019-10-10 21:09:07,WT3F00000000,-0.479,0.013,0.138,0.000,0.000,0.000,5.257,73.900,14.090,214,185,-4,24.99,,,,0.79565,-0.03723,0.60043,0.07053,,,,
2019-10-10 21:09:07,WT3F00000000,-0.479,0.013,0.138,0.000,0.000,0.000,5.257,73.900,14.518,210,183,-4,24.99,,,,0.79538,-0.03949,0.60028,0.07349,,,,
2019-10-10 21:09:07,WT3F00000000,-0.479,0.013,0.138,0.000,0.000,0.000,5.262,73.900,14.826,209,184,-11,24.99,,,,0.79520,-0.04111,0.60019,0.07565,,,,
2019-10-10 21:09:07,WT3F00000000,-0.479,0.013,0.138,0.000,0.000,0.000,5.262,73.900,15.046,212,185,-16,24.99,,,,0.79504,-0.04224,0.60010,0.07715,,,,
2019-10-10 21:09:08,WT3F00000000,-0.479,0.013,0.138,0.000,0.000,0.000,5.262,73.900,15.161,211,185,-18,24.99,,,,0.79495,-0.04285,0.60007,0.07794,,,,
2019-10-10 21:09:08,WT3F00000000,-0.479,0.013,0.138,0.000,0.000,0.000,5.262,73.900,15.260,209,185,-17,24.99,,,,0.79489,-0.04337,0.60001,0.07864,,,,
2019-10-10 21:09:08,WT3F00000000,-0.479,0.013,0.138,0.000,0.000,0.000,5.262,73.900,15.425,206,185,-13,24.99,,,,0.79477,-0.04422,0.59995,0.07980,,,,
2019-10-10 21:09:08,WT3F00000000,-0.479,0.013,0.138,0.000,0.000,0.000,5.262,73.900,15.612,211,181,-14,24.99,,,,0.79465,-0.04520,0.59988,0.08109,,,,
2019-10-10 21:09:08,WT3F00000000,-0.479,0.013,0.138,0.000,0.000,0.000,5.262,73.894,15.793,207,180,-8,24.99,,,,0.79453,-0.04614,0.59982,0.08234,,,,
2019-10-10 21:09:08,WT3F00000000,-0.479,0.013,0.138,0.000,0.000,0.000,5.262,73.894,16.040,211,179,-11,24.99,,,,0.79434,-0.04742,0.59970,0.08405,,,,
2019-10-10 21:09:08,WT3F00000000,-0.479,0.013,0.138,0.000,0.000,0.000,5.262,73.894,16.260,210,188,-11,24.99,,,,0.79419,-0.04858,0.59961,0.08557,,,,
2019-10-10 21:09:09,WT3F00000000,-0.479,0.013,0.138,0.000,0.000,0.000,5.262,73.894,15.793,1579,211,-900,24.99,,,,0.79453,-0.04614,0.59982,0.08234,,,,
2019-10-10 21:09:09,WT3F00000000,-0.479,0.013,0.138,0.000,0.000,0.000,5.262,73.894,13.629,375,187,-114,24.99,,,,0.79593,-0.03479,0.60059,0.06732,,,,
2019-10-10 21:09:09,WT3F00000000,-0.479,0.013,0.138,0.000,0.000,0.000,5.262,73.894,13.568,234,183,-23,24.99,,,,0.79599,-0.03448,0.60059,0.06689,,,,
2019-10-10 21:09:09,WT3F00000000,-0.479,0.013,0.138,0.000,0.000,0.000,5.262,73.894,13.920,212,184,-7,24.99,,,,0.79578,-0.03635,0.60049,0.06934,,,,
2019-10-10 21:09:09,WT3F00000000,-0.479,0.013,0.138,0.000,0.000,0.000,5.262,73.894,14.332,212,184,-3,24.99,,,,0.79550,-0.03848,0.60034,0.07217,,,,
2019-10-10 21:09:09,WT3F00000000,-0.479,0.013,0.138,0.000,0.000,0.000,5.262,73.894,14.194,215,187,-979,24.99,,,,0.79559,-0.03778,0.60040,0.07126,,,,
2019-10-10 21:09:09,WT3F00000000,-0.479,0.013,0.138,0.000,0.000,0.000,5.262,73.894,10.893,213,183,-126,24.99,,,,0.79733,-0.02045,0.60123,0.04828,,,,
2019-10-10 21:09:10,WT3F00000000,-0.479,0.013,0.138,0.000,0.000,0.000,5.262,73.894,10.728,215,179,-27,24.99,,,,0.79739,-0.01959,0.60126,0.04715,,,,
2019-10-10 21:09:10,WT3F00000000,-0.479,0.013,0.138,0.000,0.000,0.000,5.262,73.894,11.140,212,185,-10,24.99,,,,0.79721,-0.02176,0.60120,0.05002,,,,
2019-10-10 21:09:10,WT3F00000000,-0.479,0.013,0.138,0.000,0.000,0.000,5.262,73.894,11.602,212,186,-13,24.99,,,,0.79703,-0.02414,0.60110,0.05319,,,,
2019-10-10 21:09:10,WT3F00000000,-0.479,0.013,0.138,0.000,0.000,0.000,5.262,73.894,12.003,214,183,-8,24.99,,,,0.79681,-0.02628,0.60101,0.05600,,,,
2019-10-10 21:09:10,WT3F00000000,-0.479,0.013,0.138,0.000,0.000,0.000,5.262,73.894,12.442,210,186,-12,24.99,,,,0.79660,-0.02859,0.60089,0.05908,,,,
2019-10-10 21:09:10,WT3F00000000,-0.479,0.013,0.138,0.000,0.000,0.000,5.262,73.894,12.689,1928,656,-1183,24.99,,,,0.79648,-0.02988,0.60083,0.06079,,,,
2019-10-10 21:09:10,WT3F00000000,-0.479,0.013,0.138,0.000,0.000,0.000,5.262,73.894,10.887,427,247,-158,24.99,,,,0.79733,-0.02042,0.60123,0.04825,,,,
2019-10-10 21:09:11,WT3F00000000,-0.479,0.013,0.138,0.000,0.000,0.000,5.262,73.894,10.767,238,200,-31,24.99,,,,0.79736,-0.01981,0.60126,0.04742,,,,
2019-10-10 21:09:11,WT3F00000000,-0.479,0.013,0.138,0.000,0.000,0.000,5.262,73.894,11.074,220,189,-23,24.99,,,,0.79724,-0.02139,0.60120,0.04953,,,,
2019-10-10 21:09:11,WT3F00000000,-0.479,0.013,0.138,0.000,0.000,0.000,5.262,73.894,8.630,212,184,-289,24.99,,,,0.79813,-0.00854,0.60150,0.03250,,,,
2019-10-10 21:09:11,WT3F00000000,-0.479,0.013,0.138,0.000,0.000,0.000,5.262,73.894,7.498,212,186,-53,24.99,,,,0.79840,-0.00262,0.60156,0.02466,,,,
2019-10-10 21:09:11,WT3F00000000,-0.479,0.013,0.138,0.000,0.000,0.000,5.262,73.894,7.751,210,187,-29,24.99,,,,0.79834,-0.00394,0.60156,0.02640,,,,
2019-10-10 21:09:11,WT3F00000000,-0.479,0.013,0.138,0.000,0.000,0.000,5.262,73.894,8.135,212,192,-28,24.99,,,,0.79825,-0.00595,0.60153,0.02908,,,,
2019-10-10 21:09:12,WT3F00000000,-0.479,0.013,0.138,0.000,0.000,0.000,5.262,73.894,8.613,218,188,-9,24.99,,,,0.79813,-0.00848,0.60150,0.03241,,,,
2019-10-10 21:09:12,WT3F00000000,-0.479,0.013,0.138,0.000,0.000,0.000,5.262,73.894,9.311,214,189,-7,24.99,,,,0.79791,-0.01212,0.60144,0.03726,,,,
2019-10-10 21:09:12,WT3F00000000,-0.479,0.013,0.138,0.000,0.000,0.000,5.262,73.894,9.921,210,187,-16,24.99,,,,0.79770,-0.01535,0.60138,0.04153,,,,
2019-10-10 21:09:12,WT3F00000000,-0.479,0.013,0.138,0.000,0.000,0.000,5.262,73.894,10.289,214,186,-22,24.99,,,,0.79758,-0.01727,0.60132,0.04407,,,,
2019-10-10 21:09:12,WT3F00000000,-0.479,0.013,0.138,0.000,0.000,0.000,5.262,73.894,10.668,214,186,-17,24.99,,,,0.79742,-0.01926,0.60126,0.04672,,,,
2019-10-10 21:09:12,WT3F00000000,-0.479,0.013,0.138,0.000,0.000,0.000,5.262,73.894,11.113,217,186,-14,24.99,,,,0.79724,-0.02158,0.60120,0.04980,,,,
2019-10-10 21:09:12,WT3F00000000,-0.479,0.013,0.138,0.000,0.000,0.000,5.262,73.894,11.585,216,188,-8,24.99,,,,0.79703,-0.02408,0.60110,0.05310,,,,
2019-10-10 21:09:13,WT3F00000000,-0.479,0.013,0.138,0.000,0.000,0.000,5.262,73.894,9.498,457,182,-137,24.99,,,,0.79785,-0.01312,0.60144,0.03857,,,,
2019-10-10 21:09:13,WT3F00000000,-0.479,0.013,0.138,0.000,0.000,0.000,5.262,73.894,9.673,243,187,-31,24.99,,,,0.79779,-0.01404,0.60141,0.03979,,,,
2019-10-10 21:09:13,WT3F00000000,-0.479,0.013,0.138,0.000,0.000,0.000,5.262,73.894,10.020,219,188,-26,24.99,,,,0.79767,-0.01584,0.60138,0.04221,,,,
2019-10-10 21:09:13,WT3F00000000,-0.479,0.013,0.138,0.000,0.000,0.000,5.262,73.894,10.437,217,187,-18,24.99,,,,0.79752,-0.01804,0.60132,0.04510,,,,
2019-10-10 21:09:13,WT3F00000000,-0.479,0.013,0.138,0.000,0.000,0.000,5.262,73.894,10.860,215,187,-19,24.99,,,,0.79733,-0.02026,0.60123,0.04807,,,,
2019-10-10 21:09:13,WT3F00000000,-0.479,0.013,0.138,0.000,0.000,0.000,5.262,73.894,11.343,215,185,-4,24.99,,,,0.79712,-0.02280,0.60114,0.05139,,,,
2019-10-10 21:09:13,WT3F00000000,-0.479,0.013,0.138,0.000,0.000,0.000,5.262,73.894,11.799,214,188,-13,24.99,,,,0.79694,-0.02518,0.60104,0.05460,,,,
2019-10-10 21:09:14,WT3F00000000,-0.479,0.013,0.138,0.000,0.000,0.000,5.262,73.894,12.244,210,190,-8,24.99,,,,0.79669,-0.02753,0.60095,0.05768,,,,
2019-10-10 21:09:14,WT3F00000000,-0.479,0.013,0.138,0.000,0.000,0.000,5.262,73.894,12.640,216,188,-13,24.99,,,,0.79651,-0.02960,0.60083,0.06042,,,,
2019-10-10 21:09:14,WT3F00000000,-0.479,0.013,0.138,0.000,0.000,0.000,5.262,73.894,12.947,216,187,-16,24.99,,,,0.79633,-0.03122,0.60077,0.06256,,,,
2019-10-10 21:09:14,WT3F00000000,-0.479,0.013,0.138,0.000,0.000,0.000,5.262,73.894,13.271,213,187,-13,24.99,,,,0.79614,-0.03290,0.60068,0.06482,,,,
2019-10-10 21:09:14,WT3F00000000,-0.479,0.013,0.138,0.000,0.000,0.000,5.262,73.894,13.491,210,192,-20,24.99,,,,0.79602,-0.03406,0.60062,0.06635,,,,
2019-10-10 21:09:14,WT3F00000000,-0.479,0.013,0.138,0.000,0.000,0.000,5.262,73.894,13.623,210,193,-18,24.99,,,,0.79596,-0.03476,0.60056,0.06726,,,,
2019-10-10 21:09:14,WT3F00000000,-0.479,0.013,0.138,0.000,0.000,0.000,5.262,73.894,13.815,211,192,-19,24.99,,,,0.79584,-0.03577,0.60049,0.06860,,,,
2019-10-10 21:09:15,WT3F00000000,-0.479,0.013,0.138,0.000,0.000,0.000,5.262,73.894,14.002,214,190,-17,24.99,,,,0.79572,-0.03674,0.60046,0.06989,,,,
2019-10-10 21:09:15,WT3F00000000,-0.479,0.013,0.138,0.000,0.000,0.000,5.262,73.894,14.128,211,189,-23,24.99,,,,0.79565,-0.03741,0.60040,0.07077,,,,
2019-10-10 21:09:15,WT3F00000000,-0.479,0.013,0.138,0.000,0.000,0.000,5.262,73.894,14.266,213,190,-24,24.99,,,,0.79556,-0.03812,0.60037,0.07175,,,,
2019-10-10 21:09:15,WT3F00000000,-0.479,0.013,0.138,0.000,0.000,0.000,5.262,73.894,14.370,209,187,-19,24.99,,,,0.79550,-0.03867,0.60034,0.07245,,,,
2019-10-10 21:09:15,WT3F00000000,-0.479,0.013,0.138,0.000,0.000,0.000,5.262,73.894,14.485,213,189,-19,24.99,,,,0.79541,-0.03928,0.60028,0.07324,,,,
2019-10-10 21:09:15,WT3F00000000,-0.479,0.013,0.138,0.000,0.000,0.000,5.262,73.894,14.579,209,192,-26,24.99,,,,0.79538,-0.03976,0.60025,0.07388,,,,
2019-10-10 21:09:16,WT3F00000000,-0.479,0.013,0.138,0.000,0.000,0.000,5.262,73.894,14.584,206,193,-25,24.99,,,,0.79535,-0.03979,0.60025,0.07394,,,,
2019-10-10 21:09:16,WT3F00000000,-0.479,0.013,0.138,0.000,0.000,0.000,5.262,73.894,14.667,204,195,-16,24.99,,,,0.79532,-0.04022,0.60022,0.07452,,,,
2019-10-10 21:09:16,WT3F00000000,-0.479,0.013,0.138,0.000,0.000,0.000,5.262,73.894,14.766,202,193,-16,24.99,,,,0.79526,-0.04074,0.60019,0.07520,,,,
2019-10-10 21:09:16,WT3F00000000,-0.479,0.013,0.138,0.000,0.000,0.000,5.262,73.894,14.420,207,190,-1001,24.99,,,,0.79547,-0.03894,0.60031,0.07278,,,,
2019-10-10 21:09:16,WT3F00000000,-0.479,0.013,0.138,0.000,0.000,0.000,5.262,73.894,11.058,208,194,-140,24.99,,,,0.79727,-0.02130,0.60120,0.04941,,,,
2019-10-10 21:09:16,WT3F00000000,-0.479,0.013,0.138,0.000,0.000,0.000,5.262,73.894,10.519,205,193,-47,24.99,,,,0.79749,-0.01846,0.60129,0.04568,,,,
2019-10-10 21:09:16,WT3F00000000,-0.479,0.013,0.138,0.000,0.000,0.000,5.262,73.894,10.574,205,191,-30,24.99,,,,0.79745,-0.01877,0.60129,0.04605,,,,
2019-10-10 21:09:17,WT3F00000000,-0.479,0.013,0.138,0.000,0.000,0.000,5.262,73.894,10.794,208,194,-23,24.99,,,,0.79736,-0.01993,0.60123,0.04761,,,,
2019-10-10 21:09:17,WT3F00000000,-0.479,0.013,0.138,0.000,0.000,0.000,5.262,73.894,11.102,208,192,-14,24.99,,,,0.79724,-0.02151,0.60120,0.04971,,,,
2019-10-10 21:09:17,WT3F00000000,-0.479,0.013,0.138,0.000,0.000,0.000,5.262,73.894,11.387,209,191,-22,24.99,,,,0.79712,-0.02304,0.60114,0.05173,,,,
2019-10-10 21:09:17,WT3F00000000,-0.479,0.013,0.138,0.000,0.000,0.000,5.262,73.894,11.629,212,190,-25,24.99,,,,0.79700,-0.02429,0.60107,0.05341,,,,
2019-10-10 21:09:17,WT3F00000000,-0.479,0.013,0.138,0.000,0.000,0.000,5.262,73.894,11.349,211,191,-1105,24.99,,,,0.79712,-0.02283,0.60114,0.05145,,,,
2019-10-10 21:09:17,WT3F00000000,-0.479,0.013,0.138,0.000,0.000,0.000,5.262,73.894,7.542,211,435,-725,24.99,,,,0.79840,-0.00284,0.60156,0.02493,,,,
2019-10-10 21:09:17,WT3F00000000,-0.479,0.013,0.138,0.000,0.000,0.000,5.262,73.894,5.515,209,218,-106,24.99,,,,0.79871,0.00778,0.60153,0.01080,,,,
2019-10-10 21:09:18,WT3F00000000,-0.479,0.013,0.138,0.000,0.000,0.000,5.262,73.894,5.499,204,192,-37,24.99,,,,0.79871,0.00784,0.60153,0.01071,,,,
2019-10-10 21:09:18,WT3F00000000,-0.479,0.013,0.138,0.000,0.000,0.000,5.262,73.894,6.081,211,194,-16,24.99,,,,0.79865,0.00479,0.60156,0.01477,,,,
2019-10-10 21:09:18,WT3F00000000,-0.479,0.013,0.138,0.000,0.000,0.000,5.262,73.894,6.790,208,196,-9,24.99,,,,0.79855,0.00110,0.60156,0.01968,,,,
2019-10-10 21:09:18,WT3F00000000,-0.479,0.013,0.138,0.000,0.000,0.000,5.262,73.894,7.416,206,192,-24,24.99,,,,0.79843,-0.00220,0.60156,0.02408,,,,
2019-10-10 21:09:18,WT3F00000000,-0.479,0.013,0.138,0.000,0.000,0.000,5.262,73.894,7.938,208,198,-12,24.99,,,,0.79831,-0.00491,0.60156,0.02771,,,,
2019-10-10 21:09:18,WT3F00000000,-0.479,0.013,0.138,0.000,0.000,0.000,5.262,73.894,8.531,212,200,-9,24.99,,,,0.79816,-0.00806,0.60153,0.03183,,,,
2019-10-10 21:09:19,WT3F00000000,-0.479,0.013,0.138,0.000,0.000,0.000,5.262,73.894,9.009,215,196,-24,24.99,,,,0.79800,-0.01056,0.60147,0.03519,,,,
2019-10-10 21:09:19,WT3F00000000,-0.479,0.013,0.138,0.000,0.000,0.000,5.262,73.894,9.410,215,193,-27,24.99,,,,0.79788,-0.01266,0.60144,0.03796,,,,
2019-10-10 21:09:19,WT3F00000000,-0.479,0.013,0.138,0.000,0.000,0.000,5.262,73.894,9.745,212,192,-20,24.99,,,,0.79776,-0.01443,0.60141,0.04031,,,,
2019-10-10 21:09:19,WT3F00000000,-0.479,0.013,0.138,0.000,0.000,0.000,5.262,73.894,9.976,1697,584,-1069,24.99,,,,0.79770,-0.01559,0.60138,0.04187,,,,
2019-10-10 21:09:19,WT3F00000000,-0.479,0.013,0.138,0.000,0.000,0.000,5.262,73.894,7.806,1063,462,-584,24.99,,,,0.79834,-0.00424,0.60156,0.02679,,,,
2019-10-10 21:09:19,WT3F00000000,-0.479,0.013,0.138,0.000,0.000,0.000,5.262,73.894,6.943,316,229,-84,24.99,,,,0.79852,0.00027,0.60156,0.02078,,,,
2019-10-10 21:09:19,WT3F00000000,-0.479,0.013,0.138,0.000,0.000,0.000,5.262,73.894,5.186,220,304,-542,24.99,,,,0.79874,0.00949,0.60150,0.00851,,,,
2019-10-10 21:09:20,WT3F00000000,-0.479,0.013,0.138,0.000,0.000,0.000,5.262,73.894,3.477,208,201,-91,24.99,,,,0.79880,0.01846,0.60129,-0.00336,,,,
2019-10-10 21:09:20,WT3F00000000,-0.479,0.013,0.138,0.000,0.000,0.000,5.262,73.894,3.719,207,196,-30,24.99,,,,0.79880,0.01721,0.60132,-0.00168,,,,
2019-10-10 21:09:20,WT3F00000000,-0.479,0.013,0.138,0.000,0.000,0.000,5.262,73.894,4.334,205,192,-24,24.99,,,,0.79880,0.01395,0.60141,0.00259,,,,
2019-10-10 21:09:20,WT3F00000000,-0.479,0.013,0.138,0.000,0.000,0.000,5.262,73.894,5.021,211,192,-18,24.99,,,,0.79877,0.01035,0.60147,0.00739,,,,
2019-10-10 21:09:20,WT3F00000000,-0.479,0.013,0.138,0.000,0.000,0.000,5.262,73.894,5.707,211,190,-18,24.99,,,,0.79871,0.00674,0.60153,0.01218,,,,
2019-10-10 21:09:20,WT3F00000000,-0.479,0.013,0.138,0.000,0.000,0.000,5.262,73.894,6.383,208,190,-17,24.99,,,,0.79861,0.00320,0.60156,0.01685,,,,
2019-10-10 21:09:20,WT3F00000000,-0.479,0.013,0.138,0.000,0.000,0.000,5.262,73.894,6.949,211,188,-19,24.99,,,,0.79852,0.00024,0.60156,0.02081,,,,
2019-10-10 21:09:21,WT3F00000000,-0.479,0.013,0.138,0.000,0.000,0.000,5.262,73.894,7.509,208,189,-16,24.99,,,,0.79840,-0.00269,0.60156,0.02472,,,,
2019-10-10 21:09:21,WT3F00000000,-0.479,0.013,0.138,0.000,0.000,0.000,5.262,73.894,8.102,208,191,-20,24.99,,,,0.79828,-0.00577,0.60153,0.02884,,,,
2019-10-10 21:09:21,WT3F00000000,-0.479,0.013,0.138,0.000,0.000,0.000,5.262,73.894,8.355,1877,812,-1023,24.99,,,,0.79822,-0.00711,0.60153,0.03061,,,,
2019-10-10 21:09:21,WT3F00000000,-0.479,0.013,0.138,0.000,0.000,0.000,5.262,73.894,7.202,409,267,-139,24.99,,,,0.79846,-0.00107,0.60156,0.02258,,,,
2019-10-10 21:09:21,WT3F00000000,-0.479,0.013,0.138,0.000,0.000,0.000,5.262,73.894,7.350,235,197,-34,24.99,,,,0.79843,-0.00183,0.60156,0.02362,,,,
2019-10-10 21:09:21,WT3F00000000,-0.479,0.013,0.138,0.000,0.000,0.000,5.262,73.894,7.778,216,188,-23,24.99,,,,0.79834,-0.00409,0.60156,0.02661,,,,
2019-10-10 21:09:21,WT3F00000000,-0.479,0.013,0.138,0.000,0.000,0.000,5.262,73.894,8.284,208,193,-15,24.99,,,,0.79822,-0.00671,0.60153,0.03009,,,,
2019-10-10 21:09:22,WT3F00000000,-0.479,0.013,0.138,0.000,0.000,0.000,5.262,73.894,8.855,209,192,-9,24.99,,,,0.79807,-0.00974,0.60150,0.03412,,,,
2019-10-10 21:09:22,WT3F00000000,-0.479,0.013,0.138,0.000,0.000,0.000,5.262,73.894,9.327,210,190,-19,24.99,,,,0.79791,-0.01224,0.60144,0.03738,,,,
2019-10-10 21:09:22,WT3F00000000,-0.479,0.013,0.138,0.000,0.000,0.000,5.262,73.894,9.734,210,188,-20,24.99,,,,0.79779,-0.01434,0.60141,0.04022,,,,
2019-10-10 21:09:22,WT3F00000000,-0.479,0.013,0.138,0.000,0.000,0.000,5.262,73.894,10.124,206,191,-19,24.99,,,,0.79764,-0.01642,0.60135,0.04294,,,,
2019-10-10 21:09:22,WT3F00000000,-0.479,0.013,0.138,0.000,0.000,0.000,5.262,73.894,10.552,207,190,-15,24.99,,,,0.79749,-0.01865,0.60129,0.04590,,,,
2019-10-10 21:09:22,WT3F00000000,-0.479,0.013,0.138,0.000,0.000,0.000,5.262,73.894,7.355,209,187,-197,24.99,,,,0.79843,-0.00186,0.60156,0.02365,,,,
2019-10-10 21:09:22,WT3F00000000,-0.479,0.013,0.138,0.000,0.000,0.000,5.262,73.894,5.306,212,193,-639,24.99,,,,0.79874,0.00885,0.60150,0.00937,,,,
2019-10-10 21:09:23,WT3F00000000,-0.479,0.013,0.138,0.000,0.000,0.000,5.262,73.894,3.170,210,191,-94,24.99,,,,0.79877,0.02008,0.60123,-0.00549,,,,
2019-10-10 21:09:23,WT3F00000000,-0.479,0.013,0.138,0.000,0.000,0.000,5.262,73.894,3.576,212,188,-16,24.99,,,,0.79880,0.01794,0.60132,-0.00266,,,,
2019-10-10 21:09:23,WT3F00000000,-0.479,0.013,0.138,0.000,0.000,0.000,5.262,73.894,4.389,211,186,-18,24.99,,,,0.79880,0.01367,0.60141,0.00296,,,,
2019-10-10 21:09:23,WT3F00000000,-0.479,0.013,0.138,0.000,0.000,0.000,5.262,73.894,5.180,210,188,-15,24.99,,,,0.79874,0.00952,0.60150,0.00848,,,,
2019-10-10 21:09:23,WT3F00000000,-0.479,0.013,0.138,0.000,0.000,0.000,5.262,73.894,5.927,212,187,-16,24.99,,,,0.79868,0.00558,0.60153,0.01370,,,,
2019-10-10 21:09:23,WT3F00000000,-0.479,0.013,0.138,0.000,0.000,0.000,5.262,73.894,6.636,212,182,-11,24.99,,,,0.79858,0.00189,0.60156,0.01862,,,,
2019-10-10 21:09:24,WT3F00000000,-0.479,0.013,0.138,0.000,0.000,0.000,5.262,73.894,7.278,206,188,-10,24.99,,,,0.79846,-0.00146,0.60156,0.02313,,,,
2019-10-10 21:09:24,WT3F00000000,-0.479,0.013,0.138,0.000,0.000,0.000,5.262,73.894,6.828,214,445,-584,24.99,,,,0.79855,0.00089,0.60156,0.01996,,,,
2019-10-10 21:09:24,WT3F00000000,-0.479,0.013,0.138,0.000,0.000,0.000,5.262,73.894,5.301,216,222,-80,24.99,,,,0.79874,0.00888,0.60150,0.00934,,,,
2019-10-10 21:09:24,WT3F00000000,-0.479,0.013,0.138,0.000,0.000,0.000,5.262,73.894,5.603,213,192,-23,24.99,,,,0.79871,0.00729,0.60153,0.01144,,,,
2019-10-10 21:09:24,WT3F00000000,-0.479,0.013,0.138,0.000,0.000,0.000,5.262,73.894,6.290,214,190,-19,24.99,,,,0.79861,0.00369,0.60156,0.01620,,,,
2019-10-10 21:09:24,WT3F00000000,-0.479,0.013,0.138,0.000,0.000,0.000,5.262,73.894,6.916,215,185,-27,24.99,,,,0.79852,0.00043,0.60156,0.02057,,,,
2019-10-10 21:09:24,WT3F00000000,-0.479,0.013,0.138,0.000,0.000,0.000,5.262,73.894,7.322,212,191,-32,24.99,,,,0.79846,-0.00168,0.60156,0.02341,,,,
2019-10-10 21:09:25,WT3F00000000,-0.479,0.013,0.138,0.000,0.000,0.000,5.262,73.894,7.553,211,198,-44,24.99,,,,0.79840,-0.00290,0.60156,0.02502,,,,
2019-10-10 21:09:25,WT3F00000000,-0.479,0.013,0.138,0.000,0.000,0.000,5.262,73.894,7.778,211,193,-30,24.99,,,,0.79834,-0.00409,0.60156,0.02661,,,,
2019-10-10 21:09:25,WT3F00000000,-0.479,0.013,0.138,0.000,0.000,0.000,5.262,73.894,8.135,210,189,-28,24.99,,,,0.79825,-0.00595,0.60153,0.02908,,,,
2019-10-10 21:09:25,WT3F00000000,-0.479,0.013,0.138,0.000,0.000,0.000,5.262,73.894,8.531,210,188,-20,24.99,,,,0.79816,-0.00803,0.60153,0.03183,,,,
2019-10-10 21:09:25,WT3F00000000,-0.479,0.013,0.138,0.000,0.000,0.000,5.262,73.894,8.981,209,190,-20,24.99,,,,0.79803,-0.01041,0.60147,0.03497,,,,
2019-10-10 21:09:25,WT3F00000000,-0.479,0.013,0.138,0.000,0.000,0.000,5.262,73.894,9.382,212,189,-16,24.99,,,,0.79791,-0.01251,0.60144,0.03775,,,,
2019-10-10 21:09:25,WT3F00000000,-0.479,0.013,0.138,0.000,0.000,0.000,5.262,73.894,9.783,212,191,-24,24.99,,,,0.79776,-0.01459,0.60141,0.04053,,,,
2019-10-10 21:09:26,WT3F00000000,-0.479,0.013,0.138,0.000,0.000,0.000,5.262,73.894,10.146,213,194,-11,24.99,,,,0.79764,-0.01651,0.60135,0.04309,,,,
2019-10-10 21:09:26,WT3F00000000,-0.479,0.013,0.138,0.000,0.000,0.000,5.262,73.894,10.563,212,193,-19,24.99,,,,0.79745,-0.01871,0.60129,0.04599,,,,
2019-10-10 21:09:26,WT3F00000000,-0.479,0.013,0.138,0.000,0.000,0.000,5.262,73.894,10.887,214,191,-19,24.99,,,,0.79733,-0.02042,0.60123,0.04825,,,,
2019-10-10 21:09:26,WT3F00000000,-0.479,0.013,0.138,0.000,0.000,0.000,5.262,73.894,11.201,205,193,-14,24.99,,,,0.79721,-0.02206,0.60117,0.05045,,,,
2019-10-10 21:09:26,WT3F00000000,-0.479,0.013,0.138,0.000,0.000,0.000,5.262,73.894,11.580,206,198,-14,24.99,,,,0.79703,-0.02405,0.60110,0.05304,,,,
2019-10-10 21:09:26,WT3F00000000,-0.479,0.013,0.138,0.000,0.000,0.000,5.262,73.894,11.887,208,192,-23,24.99,,,,0.79688,-0.02567,0.60101,0.05521,,,,
2019-10-10 21:09:27,WT3F00000000,-0.479,0.013,0.138,0.000,0.000,0.000,5.262,73.894,11.975,211,200,-32,24.99,,,,0.79684,-0.02612,0.60101,0.05582,,,,
2019-10-10 21:09:27,WT3F00000000,-0.479,0.013,0.138,0.000,0.000,0.000,5.262,73.894,12.173,214,203,-23,24.99,,,,0.79675,-0.02716,0.60095,0.05719,,,,
2019-10-10 21:09:27,WT3F00000000,-0.479,0.013,0.138,0.000,0.000,0.000,5.262,73.894,12.371,211,198,-19,24.99,,,,0.79663,-0.02817,0.60092,0.05853,,,,
2019-10-10 21:09:27,WT3F00000000,-0.479,0.013,0.138,0.000,0.000,0.000,5.262,73.894,12.486,211,199,-29,24.99,,,,0.79657,-0.02878,0.60089,0.05936,,,,
2019-10-10 21:09:27,WT3F00000000,-0.479,0.013,0.138,0.000,0.000,0.000,5.262,73.894,12.585,208,198,-28,24.99,,,,0.79654,-0.02930,0.60086,0.06003,,,,
2019-10-10 21:09:27,WT3F00000000,-0.479,0.013,0.138,0.000,0.000,0.000,5.262,73.894,12.728,207,198,-18,24.99,,,,0.79645,-0.03006,0.60083,0.06104,,,,
2019-10-10 21:09:27,WT3F00000000,-0.479,0.013,0.138,0.000,0.000,0.000,5.262,73.894,12.969,212,200,-17,24.99,,,,0.79633,-0.03131,0.60077,0.06271,,,,
2019-10-10 21:09:28,WT3F00000000,-0.479,0.013,0.138,0.000,0.000,0.000,5.262,73.894,13.167,211,198,-19,24.99,,,,0.79620,-0.03238,0.60071,0.06409,,,,
2019-10-10 21:09:28,WT3F00000000,-0.479,0.013,0.138,0.000,0.000,0.000,5.262,73.894,13.343,212,200,-18,24.99,,,,0.79611,-0.03329,0.60065,0.06531,,,,
2019-10-10 21:09:28,WT3F00000000,-0.479,0.013,0.138,0.000,0.000,0.000,5.262,73.894,13.519,211,197,-16,24.99,,,,0.79602,-0.03421,0.60059,0.06653,,,,
2019-10-10 21:09:28,WT3F00000000,-0.479,0.013,0.138,0.000,0.000,0.000,5.262,73.894,13.727,212,198,-13,24.99,,,,0.79590,-0.03531,0.60052,0.06799,,,,
2019-10-10 21:09:28,WT3F00000000,-0.479,0.013,0.138,0.000,0.000,0.000,5.262,73.894,13.997,212,193,-11,24.99,,,,0.79572,-0.03671,0.60046,0.06985,,,,
2019-10-10 21:09:28,WT3F00000000,-0.479,0.013,0.138,0.000,0.000,0.000,5.262,73.894,14.304,210,190,-10,24.99,,,,0.79553,-0.03833,0.60034,0.07199,,,,
2019-10-10 21:09:28,WT3F00000000,-0.479,0.013,0.138,0.000,0.000,0.000,5.262,73.894,14.579,211,189,-10,24.99,,,,0.79538,-0.03976,0.60025,0.07391,,,,
2019-10-10 21:09:29,WT3F00000000,-0.479,0.013,0.138,0.000,0.000,0.000,5.262,73.894,14.799,209,185,-13,24.99,,,,0.79523,-0.04092,0.60019,0.07544,,,,
2019-10-10 21:09:29,WT3F00000000,-0.479,0.013,0.138,0.000,0.000,0.000,5.262,73.894,15.040,209,191,-14,24.99,,,,0.79507,-0.04218,0.60010,0.07709,,,,
2019-10-10 21:09:29,WT3F00000000,-0.479,0.013,0.138,0.000,0.000,0.000,5.262,73.894,15.200,206,192,-13,24.99,,,,0.79495,-0.04300,0.60004,0.07822,,,,
2019-10-10 21:09:29,WT3F00000000,-0.479,0.013,0.138,0.000,0.000,0.000,5.262,73.894,15.447,205,186,-9,24.99,,,,0.79477,-0.04428,0.59995,0.07990,,,,
2019-10-10 21:09:29,WT3F00000000,-0.479,0.013,0.138,0.000,0.000,0.000,5.262,73.894,15.705,208,187,-12,24.99,,,,0.79459,-0.04565,0.59982,0.08170,,,,
2019-10-10 21:09:29,WT3F00000000,-0.479,0.013,0.138,0.000,0.000,0.000,5.262,73.894,15.771,208,187,-15,24.99,,,,0.79456,-0.04599,0.59982,0.08218,,,,
2019-10-10 21:09:29,WT3F00000000,-0.479,0.013,0.138,0.000,0.000,0.000,5.262,73.894,15.699,211,184,-988,24.99,,,,0.79462,-0.04562,0.59985,0.08167,,,,
2019-10-10 21:09:30,WT3F00000000,-0.479,0.013,0.138,0.000,0.000,0.000,5.262,73.894,12.283,212,184,-134,24.99,,,,0.79669,-0.02774,0.60092,0.05795,,,,
2019-10-10 21:09:30,WT3F00000000,-0.479,0.013,0.138,0.000,0.000,0.000,5.262,73.894,11.865,211,188,-29,24.99,,,,0.79691,-0.02551,0.60104,0.05502,,,,
2019-10-10 21:09:30,WT3F00000000,-0.479,0.013,0.138,0.000,0.000,0.000,5.262,73.894,12.206,209,189,-8,24.99,,,,0.79672,-0.02734,0.60095,0.05743,,,,
2019-10-10 21:09:30,WT3F00000000,-0.479,0.013,0.138,0.000,0.000,0.000,5.262,73.894,12.695,210,189,1,24.99,,,,0.79648,-0.02988,0.60083,0.06079,,,,
2019-10-10 21:09:30,WT3F00000000,-0.479,0.013,0.138,0.000,0.000,0.000,5.262,73.894,13.228,214,188,-8,24.99,,,,0.79617,-0.03268,0.60068,0.06451,,,,
2019-10-10 21:09:30,WT3F00000000,-0.479,0.013,0.138,0.000,0.000,0.000,5.262,73.894,13.645,208,187,-2,24.99,,,,0.79593,-0.03488,0.60056,0.06744,,,,
2019-10-10 21:09:31,WT3F00000000,-0.479,0.013,0.138,0.000,0.000,0.000,5.262,73.894,14.123,210,187,-1,24.99,,,,0.79565,-0.03735,0.60040,0.07071,,,,
2019-10-10 21:09:31,WT3F00000000,-0.479,0.013,0.138,0.000,0.000,0.000,5.262,73.894,14.529,205,185,-4,24.99,,,,0.79541,-0.03949,0.60028,0.07355,,,,
2019-10-10 21:09:31,WT3F00000000,-0.479,0.013,0.138,0.000,0.000,0.000,5.262,73.894,14.859,209,188,-8,24.99,,,,0.79520,-0.04123,0.60016,0.07584,,,,
2019-10-10 21:09:31,WT3F00000000,-0.479,0.013,0.138,0.000,0.000,0.000,5.262,73.894,15.139,208,185,-5,24.99,,,,0.79498,-0.04269,0.60007,0.07779,,,,
2019-10-10 21:09:31,WT3F00000000,-0.479,0.013,0.138,0.000,0.000,0.000,5.262,73.894,14.464,1088,483,-519,24.99,,,,0.79544,-0.03915,0.60028,0.07309,,,,
2019-10-10 21:09:31,WT3F00000000,-0.479,0.013,0.138,0.000,0.000,0.000,5.262,73.894,13.519,318,222,-68,24.99,,,,0.79602,-0.03421,0.60059,0.06653,,,,
2019-10-10 21:09:31,WT3F00000000,-0.479,0.013,0.138,0.000,0.000,0.000,5.262,73.894,13.722,218,191,-13,24.99,,,,0.79590,-0.03528,0.60052,0.06796,,,,
2019-10-10 21:09:32,WT3F00000000,-0.479,0.013,0.138,0.000,0.000,0.000,5.262,73.894,14.095,209,187,-4,24.99,,,,0.79568,-0.03720,0.60043,0.07053,,,,
2019-10-10 21:09:32,WT3F00000000,-0.479,0.013,0.138,0.000,0.000,0.000,5.262,73.894,14.469,208,187,-1,24.99,,,,0.79544,-0.03918,0.60028,0.07312,,,,
2019-10-10 21:09:32,WT3F00000000,-0.479,0.013,0.138,0.000,0.000,0.000,5.262,73.894,14.854,208,186,-2,24.99,,,,0.79520,-0.04120,0.60016,0.07581,,,,
2019-10-10 21:09:32,WT3F00000000,-0.479,0.013,0.138,0.000,0.000,0.000,5.262,73.894,14.854,208,186,-2,24.99,,,,0.79520,-0.04120,0.60016,0.07581,,,,
2019-10-10 21:09:32,WT3F00000000,-0.479,0.013,0.138,0.000,0.000,0.000,5.262,73.894,15.233,208,188,-6,24.99,,,,0.79492,-0.04318,0.60001,0.07846,,,,
2019-10-10 21:09:32,WT3F00000000,-0.479,0.013,0.138,0.000,0.000,0.000,5.262,73.894,15.562,208,188,-5,24.99,,,,0.79471,-0.04492,0.59988,0.08072,,,,
2019-10-10 21:09:32,WT3F00000000,-0.479,0.013,0.138,0.000,0.000,0.000,5.262,73.894,15.804,208,186,-13,24.99,,,,0.79453,-0.04617,0.59979,0.08240,,,,
2019-10-10 21:09:32,WT3F00000000,-0.479,0.013,0.138,0.000,0.000,0.000,5.262,73.894,16.013,205,185,-6,24.99,,,,0.79437,-0.04724,0.59970,0.08383,,,,
2019-10-10 21:09:33,WT3F00000000,-0.479,0.013,0.138,0.000,0.000,0.000,5.262,73.894,16.293,206,181,-2,24.99,,,,0.79416,-0.04874,0.59961,0.08578,,,,
2019-10-10 21:09:33,WT3F00000000,-0.479,0.013,0.138,0.000,0.000,0.000,5.262,73.894,16.677,211,181,1,24.99,,,,0.79388,-0.05075,0.59943,0.08844,,,,
2019-10-10 21:09:33,WT3F00000000,-0.479,0.013,0.138,0.000,0.000,0.000,5.262,73.894,16.996,206,182,1,24.99,,,,0.79364,-0.05243,0.59927,0.09067,,,,
2019-10-10 21:09:33,WT3F00000000,-0.479,0.013,0.138,0.000,0.000,0.000,5.262,73.894,17.287,207,185,-2,24.99,,,,0.79340,-0.05392,0.59915,0.09268,,,,
2019-10-10 21:09:33,WT3F00000000,-0.479,0.013,0.138,0.000,0.000,0.000,5.262,73.894,17.452,206,187,-9,24.99,,,,0.79327,-0.05478,0.59906,0.09381,,,,
2019-10-10 21:09:33,WT3F00000000,-0.479,0.013,0.138,0.000,0.000,0.000,5.262,73.894,17.655,203,185,0,24.99,,,,0.79309,-0.05585,0.59897,0.09521,,,,
2019-10-10 21:09:33,WT3F00000000,-0.479,0.013,0.138,0.000,0.000,0.000,5.262,73.894,17.842,206,189,-5,24.99,,,,0.79294,-0.05682,0.59888,0.09653,,,,
2019-10-10 21:09:34,WT3F00000000,-0.479,0.013,0.138,0.000,0.000,0.000,5.262,73.894,17.990,207,191,-8,24.99,,,,0.79282,-0.05762,0.59882,0.09753,,,,
2019-10-10 21:09:34,WT3F00000000,-0.479,0.013,0.138,0.000,0.000,0.000,5.262,73.894,18.067,207,192,-7,24.99,,,,0.79276,-0.05801,0.59875,0.09808,,,,
2019-10-10 21:09:34,WT3F00000000,-0.479,0.013,0.138,0.000,0.000,0.000,5.262,73.894,18.073,209,192,-20,24.99,,,,0.79276,-0.05804,0.59875,0.09811,,,,
2019-10-10 21:09:34,WT3F00000000,-0.479,0.013,0.138,0.000,0.000,0.000,5.262,73.894,17.941,205,198,-23,24.99,,,,0.79285,-0.05737,0.59882,0.09720,,,,
2019-10-10 21:09:34,WT3F00000000,-0.479,0.013,0.138,0.000,0.000,0.000,5.262,73.894,17.704,199,202,-24,24.99,,,,0.79306,-0.05612,0.59894,0.09558,,,,
2019-10-10 21:09:34,WT3F00000000,-0.479,0.013,0.138,0.000,0.000,0.000,5.262,73.894,17.441,202,199,-28,24.99,,,,0.79327,-0.05472,0.59909,0.09372,,,,
2019-10-10 21:09:35,WT3F00000000,-0.479,0.013,0.138,0.000,0.000,0.000,5.262,73.894,17.336,208,191,-20,24.99,,,,0.79337,-0.05420,0.59912,0.09302,,,,
2019-10-10 21:09:35,WT3F00000000,-0.479,0.013,0.138,0.000,0.000,0.000,5.262,73.894,17.386,210,197,-9,24.99,,,,0.79330,-0.05444,0.59909,0.09335,,,,
2019-10-10 21:09:35,WT3F00000000,-0.479,0.013,0.138,0.000,0.000,0.000,5.262,73.894,17.468,207,200,-11,24.99,,,,0.79324,-0.05490,0.59906,0.09393,,,,
2019-10-10 21:09:35,WT3F00000000,-0.479,0.013,0.138,0.000,0.000,0.000,5.262,73.894,17.501,212,192,-17,24.99,,,,0.79321,-0.05505,0.59906,0.09415,,,,
2019-10-10 21:09:35,WT3F00000000,-0.479,0.013,0.138,0.000,0.000,0.000,5.262,73.894,13.870,211,190,-173,24.99,,,,0.79581,-0.03604,0.60049,0.06897,,,,
2019-10-10 21:09:35,WT3F00000000,-0.479,0.013,0.138,0.000,0.000,0.000,5.262,73.894,13.200,211,189,-28,24.99,,,,0.79620,-0.03253,0.60068,0.06433,,,,
2019-10-10 21:09:35,WT3F00000000,-0.479,0.013,0.138,0.000,0.000,0.000,5.262,73.894,13.409,212,194,-19,24.99,,,,0.79608,-0.03363,0.60062,0.06577,,,,
2019-10-10 21:09:36,WT3F00000000,-0.479,0.013,0.138,0.000,0.000,0.000,5.262,73.894,13.585,212,197,-17,24.99,,,,0.79596,-0.03458,0.60059,0.06702,,,,
2019-10-10 21:09:36,WT3F00000000,-0.479,0.013,0.138,0.000,0.000,0.000,5.262,73.894,13.832,211,195,-12,24.99,,,,0.79584,-0.03586,0.60049,0.06873,,,,
2019-10-10 21:09:36,WT3F00000000,-0.479,0.013,0.138,0.000,0.000,0.000,5.262,73.894,14.046,210,198,-15,24.99,,,,0.79568,-0.03696,0.60043,0.07019,,,,
2019-10-10 21:09:36,WT3F00000000,-0.479,0.013,0.138,0.000,0.000,0.000,5.262,73.894,14.288,211,192,-14,24.99,,,,0.79556,-0.03824,0.60034,0.07187,,,,
2019-10-10 21:09:36,WT3F00000000,-0.479,0.013,0.138,0.000,0.000,0.000,5.262,73.894,14.474,207,198,-13,24.99,,,,0.79544,-0.03922,0.60028,0.07318,,,,
2019-10-10 21:09:36,WT3F00000000,-0.479,0.013,0.138,0.000,0.000,0.000,5.262,73.894,14.612,208,198,-20,24.99,,,,0.79535,-0.03992,0.60025,0.07410,,,,
2019-10-10 21:09:36,WT3F00000000,-0.479,0.013,0.138,0.000,0.000,0.000,5.262,73.894,14.777,207,196,-9,24.99,,,,0.79523,-0.04080,0.60019,0.07529,,,,
2019-10-10 21:09:37,WT3F00000000,-0.479,0.013,0.138,0.000,0.000,0.000,5.262,73.894,15.024,211,197,-13,24.99,,,,0.79507,-0.04208,0.60010,0.07697,,,,
2019-10-10 21:09:37,WT3F00000000,-0.479,0.013,0.138,0.000,0.000,0.000,5.262,73.894,15.150,212,198,-19,24.99,,,,0.79498,-0.04276,0.60004,0.07785,,,,
2019-10-10 21:09:37,WT3F00000000,-0.479,0.013,0.138,0.000,0.000,0.000,5.262,73.894,15.227,211,199,-14,24.99,,,,0.79492,-0.04315,0.60004,0.07837,,,,
2019-10-10 21:09:37,WT3F00000000,-0.479,0.013,0.138,0.000,0.000,0.000,5.262,73.894,15.266,213,199,-23,24.99,,,,0.79492,-0.04333,0.60001,0.07864,,,,
2019-10-10 21:09:37,WT3F00000000,-0.479,0.013,0.138,0.000,0.000,0.000,5.262,73.894,15.266,213,199,-23,24.99,,,,0.79492,-0.04333,0.60001,0.07864,,,,
2019-10-10 21:09:37,WT3F00000000,-0.479,0.013,0.138,0.000,0.000,0.000,5.262,73.894,15.260,214,201,-29,24.99,,,,0.79492,-0.04333,0.60001,0.07861,,,,
2019-10-10 21:09:37,WT3F00000000,-0.479,0.013,0.138,0.000,0.000,0.000,5.262,73.894,15.189,217,196,-26,24.99,,,,0.79495,-0.04297,0.60004,0.07816,,,,
2019-10-10 21:09:38,WT3F00000000,-0.479,0.013,0.138,0.000,0.000,0.000,5.262,73.894,13.574,491,291,-192,24.99,,,,0.79599,-0.03448,0.60059,0.06689,,,,
2019-10-10 21:09:38,WT3F00000000,-0.479,0.013,0.138,0.000,0.000,0.000,5.262,73.894,13.206,249,206,-39,24.99,,,,0.79620,-0.03256,0.60068,0.06436,,,,
2019-10-10 21:09:38,WT3F00000000,-0.479,0.013,0.138,0.000,0.000,0.000,5.262,73.894,13.348,220,194,-24,24.99,,,,0.79611,-0.03333,0.60065,0.06537,,,,
2019-10-10 21:09:38,WT3F00000000,-0.479,0.013,0.138,0.000,0.000,0.000,5.262,73.894,13.497,210,192,-20,24.99,,,,0.79602,-0.03409,0.60062,0.06638,,,,
2019-10-10 21:09:38,WT3F00000000,-0.479,0.013,0.138,0.000,0.000,0.000,5.262,73.894,13.694,209,194,-12,24.99,,,,0.79590,-0.03513,0.60056,0.06778,,,,
2019-10-10 21:09:38,WT3F00000000,-0.479,0.013,0.138,0.000,0.000,0.000,5.262,73.894,14.046,211,191,-3,24.99,,,,0.79568,-0.03699,0.60043,0.07022,,,,
2019-10-10 21:09:38,WT3F00000000,-0.479,0.013,0.138,0.000,0.000,0.000,5.262,73.894,14.178,210,197,-21,24.99,,,,0.79562,-0.03766,0.60040,0.07111,,,,
2019-10-10 21:09:39,WT3F00000000,-0.479,0.013,0.138,0.000,0.000,0.000,5.262,73.894,14.211,212,192,-26,24.99,,,,0.79559,-0.03784,0.60037,0.07135,,,,
2019-10-10 21:09:39,WT3F00000000,-0.479,0.013,0.138,0.000,0.000,0.000,5.262,73.894,14.183,211,192,-26,24.99,,,,0.79562,-0.03769,0.60040,0.07114,,,,
2019-10-10 21:09:39,WT3F00000000,-0.479,0.013,0.138,0.000,0.000,0.000,5.262,73.894,14.222,212,198,-24,24.99,,,,0.79559,-0.03787,0.60037,0.07141,,,,
2019-10-10 21:09:39,WT3F00000000,-0.479,0.013,0.138,0.000,0.000,0.000,5.262,73.894,14.205,212,193,-28,24.99,,,,0.79559,-0.03778,0.60037,0.07129,,,,
2019-10-10 21:09:39,WT3F00000000,-0.479,0.013,0.138,0.000,0.000,0.000,5.262,73.894,14.222,220,194,-25,24.99,,,,0.79559,-0.03787,0.60037,0.07141,,,,
2019-10-10 21:09:39,WT3F00000000,-0.479,0.013,0.138,0.000,0.000,0.000,5.262,73.894,14.354,218,190,-23,24.99,,,,0.79550,-0.03857,0.60034,0.07236,,,,
2019-10-10 21:09:39,WT3F00000000,-0.479,0.013,0.138,0.000,0.000,0.000,5.262,73.894,14.420,213,188,-28,24.99,,,,0.79547,-0.03891,0.60031,0.07278,,,,
2019-10-10 21:09:40,WT3F00000000,-0.479,0.013,0.138,0.000,0.000,0.000,5.262,73.894,14.425,210,187,-25,24.99,,,,0.79547,-0.03897,0.60031,0.07285,,,,
2019-10-10 21:09:40,WT3F00000000,-0.479,0.013,0.138,0.000,0.000,0.000,5.262,73.894,14.507,211,187,-20,24.99,,,,0.79541,-0.03937,0.60028,0.07339,,,,
2019-10-10 21:09:40,WT3F00000000,-0.479,0.013,0.138,0.000,0.000,0.000,5.262,73.894,14.705,213,183,-13,24.99,,,,0.79529,-0.04044,0.60022,0.07480,,,,
2019-10-10 21:09:40,WT3F00000000,-0.479,0.013,0.138,0.000,0.000,0.000,5.262,73.894,14.908,208,181,-10,24.99,,,,0.79514,-0.04147,0.60013,0.07620,,,,
2019-10-10 21:09:40,WT3F00000000,-0.479,0.013,0.138,0.000,0.000,0.000,5.262,73.894,15.123,210,183,-11,24.99,,,,0.79501,-0.04260,0.60007,0.07767,,,,
2019-10-10 21:09:40,WT3F00000000,-0.479,0.013,0.138,0.000,0.000,0.000,5.262,73.894,15.496,207,181,-7,24.99,,,,0.79474,-0.04459,0.59991,0.08029,,,,
2019-10-10 21:09:41,WT3F00000000,-0.479,0.013,0.138,0.000,0.000,0.000,5.262,73.894,15.771,206,181,-4,24.99,,,,0.79456,-0.04602,0.59982,0.08218,,,,
2019-10-10 21:09:41,WT3F00000000,-0.479,0.013,0.138,0.000,0.000,0.000,5.262,73.894,16.062,206,186,-5,24.99,,,,0.79434,-0.04755,0.59970,0.08420,,,,
2019-10-10 21:09:41,WT3F00000000,-0.479,0.013,0.138,0.000,0.000,0.000,5.262,73.894,16.287,207,186,-8,24.99,,,,0.79416,-0.04871,0.59961,0.08575,,,,
2019-10-10 21:09:41,WT3F00000000,-0.479,0.013,0.138,0.000,0.000,0.000,5.262,73.894,16.370,215,182,-17,24.99,,,,0.79413,-0.04913,0.59955,0.08630,,,,
2019-10-10 21:09:41,WT3F00000000,-0.479,0.013,0.138,0.000,0.000,0.000,5.262,73.894,16.496,214,183,-15,24.99,,,,0.79401,-0.04980,0.59952,0.08719,,,,
2019-10-10 21:09:41,WT3F00000000,-0.479,0.013,0.138,0.000,0.000,0.000,5.262,73.894,16.567,209,177,-19,24.99,,,,0.79395,-0.05017,0.59949,0.08771,,,,
2019-10-10 21:09:41,WT3F00000000,-0.479,0.013,0.138,0.000,0.000,0.000,5.262,73.894,16.721,214,184,-12,24.99,,,,0.79385,-0.05099,0.59940,0.08878,,,,
2019-10-10 21:09:42,WT3F00000000,-0.479,0.013,0.138,0.000,0.000,0.000,5.262,73.894,16.924,212,187,-5,24.99,,,,0.79370,-0.05203,0.59930,0.09015,,,,
2019-10-10 21:09:42,WT3F00000000,-0.479,0.013,0.138,0.000,0.000,0.000,5.262,73.894,17.051,210,187,-12,24.99,,,,0.79358,-0.05270,0.59927,0.09103,,,,
2019-10-10 21:09:42,WT3F00000000,-0.479,0.013,0.138,0.000,0.000,0.000,5.262,73.894,17.177,211,183,-12,24.99,,,,0.79349,-0.05334,0.59921,0.09189,,,,
2019-10-10 21:09:42,WT3F00000000,-0.479,0.013,0.138,0.000,0.000,0.000,5.262,73.894,17.336,214,181,-8,24.99,,,,0.79337,-0.05420,0.59912,0.09302,,,,
2019-10-10 21:09:42,WT3F00000000,-0.479,0.013,0.138,0.000,0.000,0.000,5.262,73.894,17.402,218,181,-24,24.99,,,,0.79330,-0.05453,0.59909,0.09348,,,,
2019-10-10 21:09:42,WT3F00000000,-0.479,0.013,0.138,0.000,0.000,0.000,5.262,73.894,17.446,212,180,-12,24.99,,,,0.79327,-0.05478,0.59906,0.09378,,,,
2019-10-10 21:09:42,WT3F00000000,-0.479,0.013,0.138,0.000,0.000,0.000,5.262,73.894,17.534,219,178,-18,24.99,,,,0.79318,-0.05524,0.59903,0.09439,,,,
2019-10-10 21:09:43,WT3F00000000,-0.479,0.013,0.138,0.000,0.000,0.000,5.262,73.894,17.600,219,183,-18,24.99,,,,0.79315,-0.05557,0.59900,0.09485,,,,
2019-10-10 21:09:43,WT3F00000000,-0.479,0.013,0.138,0.000,0.000,0.000,5.262,73.894,17.672,219,182,-11,24.99,,,,0.79309,-0.05594,0.59897,0.09534,,,,
2019-10-10 21:09:43,WT3F00000000,-0.479,0.013,0.138,0.000,0.000,0.000,5.262,73.894,17.820,215,186,-14,24.99,,,,0.79297,-0.05673,0.59888,0.09637,,,,
2019-10-10 21:09:43,WT3F00000000,-0.479,0.013,0.138,0.000,0.000,0.000,5.262,73.894,17.814,218,186,-19,24.99,,,,0.79297,-0.05670,0.59891,0.09631,,,,
2019-10-10 21:09:43,WT3F00000000,-0.479,0.013,0.138,0.000,0.000,0.000,5.262,73.894,17.836,212,186,-19,24.99,,,,0.79294,-0.05682,0.59888,0.09650,,,,
2019-10-10 21:09:43,WT3F00000000,-0.479,0.013,0.138,0.000,0.000,0.000,5.262,73.894,17.820,214,185,-15,24.99,,,,0.79297,-0.05670,0.59891,0.09634,,,,
2019-10-10 21:09:44,WT3F00000000,-0.479,0.013,0.138,0.000,0.000,0.000,5.262,73.894,17.935,215,185,-9,24.99,,,,0.79285,-0.05731,0.59885,0.09717,,,,
2019-10-10 21:09:44,WT3F00000000,-0.479,0.013,0.138,0.000,0.000,0.000,5.262,73.894,18.078,219,188,-11,24.99,,,,0.79272,-0.05807,0.59875,0.09814,,,,
2019-10-10 21:09:44,WT3F00000000,-0.479,0.013,0.138,0.000,0.000,0.000,5.262,73.894,18.204,215,188,-4,24.99,,,,0.79263,-0.05872,0.59869,0.09903,,,,
2019-10-10 21:09:44,WT3F00000000,-0.479,0.013,0.138,0.000,0.000,0.000,5.262,73.894,18.336,213,183,-8,24.99,,,,0.79251,-0.05942,0.59863,0.09995,,,,
2019-10-10 21:09:44,WT3F00000000,-0.479,0.013,0.138,0.000,0.000,0.000,5.262,73.894,18.408,216,186,-10,24.99,,,,0.79245,-0.05978,0.59860,0.10043,,,,
2019-10-10 21:09:44,WT3F00000000,-0.479,0.013,0.138,0.000,0.000,0.000,5.262,73.894,18.397,216,187,-16,24.99,,,,0.79245,-0.05975,0.59860,0.10037,,,,
2019-10-10 21:09:44,WT3F00000000,-0.479,0.013,0.138,0.000,0.000,0.000,5.262,73.894,18.303,221,184,-22,24.99,,,,0.79254,-0.05923,0.59863,0.09970,,,,
2019-10-10 21:09:44,WT3F00000000,-0.479,0.013,0.138,0.000,0.000,0.000,5.262,73.894,18.226,215,179,-16,24.99,,,,0.79260,-0.05884,0.59869,0.09918,,,,
2019-10-10 21:09:45,WT3F00000000,-0.479,0.013,0.138,0.000,0.000,0.000,5.262,73.894,18.276,211,181,-12,24.99,,,,0.79257,-0.05911,0.59866,0.09952,,,,
2019-10-10 21:09:45,WT3F00000000,-0.479,0.013,0.138,0.000,0.000,0.000,5.262,73.894,18.347,214,188,-13,24.99,,,,0.79251,-0.05948,0.59863,0.10001,,,,
2019-10-10 21:09:45,WT3F00000000,-0.479,0.013,0.138,0.000,0.000,0.000,5.262,73.894,16.749,215,318,-536,24.99,,,,0.79382,-0.05112,0.59940,0.08896,,,,
2019-10-10 21:09:45,WT3F00000000,-0.479,0.013,0.138,0.000,0.000,0.000,5.262,73.894,14.502,214,200,-84,24.99,,,,0.79541,-0.03937,0.60028,0.07336,,,,
2019-10-10 21:09:45,WT3F00000000,-0.479,0.013,0.138,0.000,0.000,0.000,5.262,73.894,14.310,215,186,-29,24.99,,,,0.79553,-0.03833,0.60034,0.07202,,,,
2019-10-10 21:09:45,WT3F00000000,-0.479,0.013,0.138,0.000,0.000,0.000,5.262,73.894,14.442,216,183,-18,24.99,,,,0.79544,-0.03903,0.60031,0.07294,,,,
2019-10-10 21:09:46,WT3F00000000,-0.479,0.013,0.138,0.000,0.000,0.000,5.262,73.894,13.749,213,174,-919,24.99,,,,0.79587,-0.03540,0.60052,0.06815,,,,
2019-10-10 21:09:46,WT3F00000000,-0.479,0.013,0.138,0.000,0.000,0.000,5.262,73.894,10.563,219,174,-114,24.99,,,,0.79745,-0.01871,0.60129,0.04599,,,,
2019-10-10 21:09:46,WT3F00000000,-0.479,0.013,0.138,0.000,0.000,0.000,5.262,73.894,10.481,215,178,-18,24.99,,,,0.79749,-0.01828,0.60129,0.04541,,,,
2019-10-10 21:09:46,WT3F00000000,-0.479,0.013,0.138,0.000,0.000,0.000,5.262,73.894,10.882,218,181,-18,24.99,,,,0.79733,-0.02039,0.60123,0.04822,,,,
2019-10-10 21:09:46,WT3F00000000,-0.479,0.013,0.138,0.000,0.000,0.000,5.262,73.894,11.305,219,183,-18,24.99,,,,0.79715,-0.02261,0.60114,0.05115,,,,
2019-10-10 21:09:46,WT3F00000000,-0.479,0.013,0.138,0.000,0.000,0.000,5.262,73.894,11.684,218,189,-17,24.99,,,,0.79697,-0.02457,0.60107,0.05377,,,,
2019-10-10 21:09:47,WT3F00000000,-0.479,0.013,0.138,0.000,0.000,0.000,5.262,73.894,12.036,215,185,-21,24.99,,,,0.79681,-0.02643,0.60098,0.05624,,,,
2019-10-10 21:09:47,WT3F00000000,-0.479,0.013,0.138,0.000,0.000,0.000,5.262,73.894,12.272,218,185,-28,24.99,,,,0.79669,-0.02765,0.60092,0.05786,,,,
2019-10-10 21:09:47,WT3F00000000,-0.479,0.013,0.138,0.000,0.000,0.000,5.262,73.894,12.420,219,191,-28,24.99,,,,0.79663,-0.02844,0.60089,0.05890,,,,
2019-10-10 21:09:47,WT3F00000000,-0.479,0.013,0.138,0.000,0.000,0.000,5.262,73.894,12.623,215,195,-24,24.99,,,,0.79651,-0.02951,0.60086,0.06033,,,,
2019-10-10 21:09:47,WT3F00000000,-0.479,0.013,0.138,0.000,0.000,0.000,5.262,73.894,12.783,217,192,-28,24.99,,,,0.79642,-0.03033,0.60080,0.06140,,,,
2019-10-10 21:09:47,WT3F00000000,-0.479,0.013,0.138,0.000,0.000,0.000,5.262,73.894,12.870,219,186,-25,24.99,,,,0.79639,-0.03079,0.60077,0.06201,,,,
2019-10-10 21:09:47,WT3F00000000,-0.479,0.013,0.138,0.000,0.000,0.000,5.262,73.894,13.052,216,180,-21,24.99,,,,0.79630,-0.03174,0.60074,0.06326,,,,
2019-10-10 21:09:48,WT3F00000000,-0.479,0.013,0.138,0.000,0.000,0.000,5.262,73.894,13.315,220,179,-23,24.99,,,,0.79614,-0.03314,0.60065,0.06512,,,,
2019-10-10 21:09:48,WT3F00000000,-0.479,0.013,0.138,0.000,0.000,0.000,5.262,73.894,13.557,223,184,-13,24.99,,,,0.79599,-0.03442,0.60059,0.06683,,,,
2019-10-10 21:09:48,WT3F00000000,-0.479,0.013,0.138,0.000,0.000,0.000,5.262,73.894,13.848,222,183,-22,24.99,,,,0.79581,-0.03595,0.60049,0.06885,,,,
2019-10-10 21:09:48,WT3F00000000,-0.479,0.013,0.138,0.000,0.000,0.000,5.262,73.894,14.030,218,185,-22,24.99,,,,0.79572,-0.03687,0.60043,0.07007,,,,
2019-10-10 21:09:48,WT3F00000000,-0.479,0.013,0.138,0.000,0.000,0.000,5.262,73.894,14.117,221,181,-31,24.99,,,,0.79565,-0.03735,0.60040,0.07068,,,,
2019-10-10 21:09:48,WT3F00000000,-0.479,0.013,0.138,0.000,0.000,0.000,5.262,73.894,14.183,214,184,-20,24.99,,,,0.79562,-0.03769,0.60040,0.07114,,,,
2019-10-10 21:09:48,WT3F00000000,-0.479,0.013,0.138,0.000,0.000,0.000,5.262,73.894,14.409,216,180,-16,24.99,,,,0.79547,-0.03885,0.60031,0.07269,,,,
2019-10-10 21:09:49,WT3F00000000,-0.479,0.013,0.138,0.000,0.000,0.000,5.262,73.894,14.584,215,181,-17,24.99,,,,0.79535,-0.03979,0.60025,0.07394,,,,
2019-10-10 21:09:49,WT3F00000000,-0.479,0.013,0.138,0.000,0.000,0.000,5.262,73.894,11.651,217,182,-164,24.99,,,,0.79700,-0.02441,0.60107,0.05356,,,,
2019-10-10 21:09:49,WT3F00000000,-0.479,0.013,0.138,0.000,0.000,0.000,5.262,73.894,11.096,212,181,-28,24.99,,,,0.79724,-0.02151,0.60120,0.04971,,,,
2019-10-10 21:09:49,WT3F00000000,-0.479,0.013,0.138,0.000,0.000,0.000,5.262,73.894,11.486,216,185,-10,24.99,,,,0.79706,-0.02356,0.60110,0.05243,,,,
2019-10-10 21:09:49,WT3F00000000,-0.479,0.013,0.138,0.000,0.000,0.000,5.262,73.894,12.019,218,185,-9,24.99,,,,0.79681,-0.02634,0.60098,0.05609,,,,
2019-10-10 21:09:49,WT3F00000000,-0.479,0.013,0.138,0.000,0.000,0.000,5.262,73.894,12.541,217,190,-5,24.99,,,,0.79654,-0.02908,0.60086,0.05972,,,,
2019-10-10 21:09:50,WT3F00000000,-0.479,0.013,0.138,0.000,0.000,0.000,5.262,73.894,9.745,222,188,-158,24.99,,,,0.79776,-0.01440,0.60141,0.04028,,,,
2019-10-10 21:09:50,WT3F00000000,-0.479,0.013,0.138,0.000,0.000,0.000,5.262,73.894,9.388,217,185,-24,24.99,,,,0.79788,-0.01254,0.60144,0.03781,,,,
2019-10-10 21:09:50,WT3F00000000,-0.479,0.013,0.138,0.000,0.000,0.000,5.262,73.894,9.932,221,185,-7,24.99,,,,0.79770,-0.01538,0.60138,0.04160,,,,
2019-10-10 21:09:50,WT3F00000000,-0.479,0.013,0.138,0.000,0.000,0.000,5.262,73.894,10.519,217,187,-6,24.99,,,,0.79749,-0.01846,0.60129,0.04568,,,,
2019-10-10 21:09:50,WT3F00000000,-0.479,0.013,0.138,0.000,0.000,0.000,5.262,73.894,11.129,218,185,-4,24.99,,,,0.79724,-0.02167,0.60120,0.04993,,,,
2019-10-10 21:09:50,WT3F00000000,-0.479,0.013,0.138,0.000,0.000,0.000,5.262,73.894,11.728,216,184,0,24.99,,,,0.79697,-0.02481,0.60107,0.05408,,,,
2019-10-10 21:09:50,WT3F00000000,-0.479,0.013,0.138,0.000,0.000,0.000,5.262,73.894,12.321,218,188,-6,24.99,,,,0.79666,-0.02792,0.60092,0.05820,,,,
2019-10-10 21:09:50,WT3F00000000,-0.479,0.013,0.138,0.000,0.000,0.000,5.262,73.894,12.805,214,183,-8,24.99,,,,0.79642,-0.03046,0.60080,0.06155,,,,
2019-10-10 21:09:51,WT3F00000000,-0.479,0.013,0.138,0.000,0.000,0.000,5.262,73.894,13.255,218,186,-7,24.99,,,,0.79617,-0.03284,0.60068,0.06470,,,,
2019-10-10 21:09:51,WT3F00000000,-0.479,0.013,0.138,0.000,0.000,0.000,5.262,73.894,13.722,214,182,-3,24.99,,,,0.79590,-0.03525,0.60052,0.06793,,,,
2019-10-10 21:09:51,WT3F00000000,-0.479,0.013,0.138,0.000,0.000,0.000,5.262,73.894,14.172,216,185,-6,24.99,,,,0.79562,-0.03763,0.60040,0.07104,,,,
2019-10-10 21:09:51,WT3F00000000,-0.479,0.013,0.138,0.000,0.000,0.000,5.262,73.894,14.480,216,187,-13,24.99,,,,0.79544,-0.03925,0.60028,0.07321,,,,
2019-10-10 21:09:51,WT3F00000000,-0.479,0.013,0.138,0.000,0.000,0.000,5.262,73.894,14.760,218,185,-14,24.99,,,,0.79526,-0.04071,0.60019,0.07516,,,,
2019-10-10 21:09:51,WT3F00000000,-0.479,0.013,0.138,0.000,0.000,0.000,5.262,73.894,13.766,627,231,-188,24.99,,,,0.79587,-0.03552,0.60052,0.06827,,,,
2019-10-10 21:09:52,WT3F00000000,-0.479,0.013,0.138,0.000,0.000,0.000,5.262,73.894,13.782,264,193,-23,24.99,,,,0.79587,-0.03558,0.60052,0.06836,,,,
2019-10-10 21:09:52,WT3F00000000,-0.479,0.013,0.138,0.000,0.000,0.000,5.262,73.894,14.189,223,184,-3,24.99,,,,0.79562,-0.03772,0.60037,0.07120,,,,
2019-10-10 21:09:52,WT3F00000000,-0.479,0.013,0.138,0.000,0.000,0.000,5.262,73.894,10.684,214,521,-1189,24.99,,,,0.79742,-0.01935,0.60126,0.04684,,,,
2019-10-10 21:09:52,WT3F00000000,-0.479,0.013,0.138,0.000,0.000,0.000,5.262,73.894,7.910,212,232,-142,24.99,,,,0.79831,-0.00479,0.60156,0.02753,,,,
2019-10-10 21:09:52,WT3F00000000,-0.479,0.013,0.138,0.000,0.000,0.000,5.262,73.894,7.800,216,196,-20,24.99,,,,0.79834,-0.00421,0.60156,0.02676,,,,
2019-10-10 21:09:52,WT3F00000000,-0.479,0.013,0.138,0.000,0.000,0.000,5.262,73.894,8.514,219,187,-6,24.99,,,,0.79816,-0.00797,0.60153,0.03174,,,,
2019-10-10 21:09:53,WT3F00000000,-0.479,0.013,0.138,0.000,0.000,0.000,5.262,73.894,9.294,216,186,0,24.99,,,,0.79791,-0.01205,0.60144,0.03714,,,,
2019-10-10 21:09:53,WT3F00000000,-0.479,0.013,0.138,0.000,0.000,0.000,5.262,73.894,10.080,216,182,4,24.99,,,,0.79764,-0.01617,0.60135,0.04263,,,,
2019-10-10 21:09:53,WT3F00000000,-0.479,0.013,0.138,0.000,0.000,0.000,5.262,73.894,10.728,219,184,-8,24.99,,,,0.79739,-0.01959,0.60126,0.04715,,,,
2019-10-10 21:09:53,WT3F00000000,-0.479,0.013,0.138,0.000,0.000,0.000,5.262,73.894,11.327,215,185,-5,24.99,,,,0.79715,-0.02271,0.60114,0.05130,,,,
2019-10-10 21:09:53,WT3F00000000,-0.479,0.013,0.138,0.000,0.000,0.000,5.262,73.894,11.909,220,183,-6,24.99,,,,0.79688,-0.02576,0.60101,0.05536,,,,
2019-10-10 21:09:53,WT3F00000000,-0.479,0.013,0.138,0.000,0.000,0.000,5.262,73.894,9.333,220,221,-185,24.99,,,,0.79791,-0.01224,0.60144,0.03741,,,,
2019-10-10 21:09:53,WT3F00000000,-0.479,0.013,0.138,0.000,0.000,0.000,5.262,73.894,8.910,221,193,-30,24.99,,,,0.79803,-0.01001,0.60150,0.03445,,,,
2019-10-10 21:09:53,WT3F00000000,-0.479,0.013,0.138,0.000,0.000,0.000,5.262,73.894,9.481,221,185,-6,24.99,,,,0.79785,-0.01303,0.60144,0.03848,,,,
2019-10-10 21:09:54,WT3F00000000,-0.479,0.013,0.138,0.000,0.000,0.000,5.262,73.894,10.201,223,185,0,24.99,,,,0.79761,-0.01678,0.60135,0.04346,,,,
2019-10-10 21:09:54,WT3F00000000,-0.479,0.013,0.138,0.000,0.000,0.000,5.262,73.894,10.920,222,183,-4,24.99,,,,0.79733,-0.02057,0.60123,0.04846,,,,
2019-10-10 21:09:54,WT3F00000000,-0.479,0.013,0.138,0.000,0.000,0.000,5.262,73.894,11.541,226,179,-8,24.99,,,,0.79706,-0.02383,0.60110,0.05280,,,,
2019-10-10 21:09:54,WT3F00000000,-0.479,0.013,0.138,0.000,0.000,0.000,5.262,73.894,12.003,219,184,-17,24.99,,,,0.79681,-0.02625,0.60101,0.05600,,,,
2019-10-10 21:09:54,WT3F00000000,-0.479,0.013,0.138,0.000,0.000,0.000,5.262,73.894,12.321,217,182,-18,24.99,,,,0.79666,-0.02792,0.60092,0.05823,,,,
2019-10-10 21:09:54,WT3F00000000,-0.479,0.013,0.138,0.000,0.000,0.000,5.262,73.894,12.651,223,183,-21,24.99,,,,0.79651,-0.02963,0.60083,0.06049,,,,
2019-10-10 21:09:55,WT3F00000000,-0.479,0.013,0.138,0.000,0.000,0.000,5.262,73.894,13.063,221,184,-3,24.99,,,,0.79626,-0.03183,0.60074,0.06339,,,,
2019-10-10 21:09:55,WT3F00000000,-0.479,0.013,0.138,0.000,0.000,0.000,5.262,73.894,13.491,217,185,-13,24.99,,,,0.79602,-0.03406,0.60062,0.06638,,,,
2019-10-10 21:09:55,WT3F00000000,-0.479,0.013,0.138,0.000,0.000,0.000,5.262,73.894,13.843,215,184,-8,24.99,,,,0.79584,-0.03592,0.60049,0.06879,,,,
2019-10-10 21:09:55,WT3F00000000,-0.479,0.013,0.138,0.000,0.000,0.000,5.262,73.894,14.150,219,184,-14,24.99,,,,0.79562,-0.03751,0.60040,0.07092,,,,
2019-10-10 21:09:55,WT3F00000000,-0.479,0.013,0.138,0.000,0.000,0.000,5.262,73.894,14.496,222,187,0,24.99,,,,0.79541,-0.03934,0.60028,0.07333,,,,
2019-10-10 21:09:55,WT3F00000000,-0.479,0.013,0.138,0.000,0.000,0.000,5.262,73.894,14.908,219,189,-5,24.99,,,,0.79514,-0.04150,0.60013,0.07620,,,,
2019-10-10 21:09:55,WT3F00000000,-0.479,0.013,0.138,0.000,0.000,0.000,5.262,73.894,15.293,217,186,-3,24.99,,,,0.79489,-0.04349,0.60001,0.07886,,,,
2019-10-10 21:09:55,WT3F00000000,-0.479,0.013,0.138,0.000,0.000,0.000,5.262,73.894,15.677,223,187,-6,24.99,,,,0.79462,-0.04550,0.59985,0.08151,,,,
2019-10-10 21:09:56,WT3F00000000,-0.479,0.013,0.138,0.000,0.000,0.000,5.262,73.894,15.996,226,188,-6,24.99,,,,0.79440,-0.04718,0.59973,0.08374,,,,
2019-10-10 21:09:56,WT3F00000000,-0.479,0.013,0.138,0.000,0.000,0.000,5.262,73.894,16.238,222,186,-13,24.99,,,,0.79422,-0.04843,0.59961,0.08539,,,,
2019-10-10 21:09:56,WT3F00000000,-0.479,0.013,0.138,0.000,0.000,0.000,5.262,73.894,16.436,217,187,-11,24.99,,,,0.79407,-0.04947,0.59952,0.08676,,,,
2019-10-10 21:09:56,WT3F00000000,-0.479,0.013,0.138,0.000,0.000,0.000,5.262,73.894,16.633,221,186,-14,24.99,,,,0.79391,-0.05051,0.59946,0.08817,,,,
2019-10-10 21:09:56,WT3F00000000,-0.479,0.013,0.138,0.000,0.000,0.000,5.262,73.894,16.837,220,183,-9,24.99,,,,0.79376,-0.05157,0.59937,0.08954,,,,
2019-10-10 21:09:56,WT3F00000000,-0.479,0.013,0.138,0.000,0.000,0.000,5.262,73.894,17.100,223,186,-8,24.99,,,,0.79355,-0.05295,0.59924,0.09137,,,,
2019-10-10 21:09:57,WT3F00000000,-0.479,0.013,0.138,0.000,0.000,0.000,5.262,73.894,12.964,214,157,-149,24.99,,,,0.79633,-0.03131,0.60077,0.06268,,,,
2019-10-10 21:09:57,WT3F00000000,-0.479,0.013,0.138,0.000,0.000,0.000,5.262,73.894,12.448,213,182,-25,24.99,,,,0.79660,-0.02859,0.60089,0.05911,,,,
2019-10-10 21:09:57,WT3F00000000,-0.479,0.013,0.138,0.000,0.000,0.000,5.262,73.894,12.706,216,187,-17,24.99,,,,0.79648,-0.02994,0.60083,0.06088,,,,
2019-10-10 21:09:57,WT3F00000000,-0.479,0.013,0.138,0.000,0.000,0.000,5.262,73.894,13.145,218,181,-8,24.99,,,,0.79623,-0.03223,0.60071,0.06393,,,,
2019-10-10 21:09:57,WT3F00000000,-0.479,0.013,0.138,0.000,0.000,0.000,5.262,73.894,13.651,216,178,-3,24.99,,,,0.79593,-0.03488,0.60056,0.06744,,,,
2019-10-10 21:09:57,WT3F00000000,-0.479,0.013,0.138,0.000,0.000,0.000,5.262,73.894,14.123,214,182,0,24.99,,,,0.79565,-0.03738,0.60040,0.07074,,,,
2019-10-10 21:09:58,WT3F00000000,-0.479,0.013,0.138,0.000,0.000,0.000,5.262,73.894,14.573,214,183,-6,24.99,,,,0.79538,-0.03970,0.60025,0.07385,,,,
2019-10-10 21:09:58,WT3F00000000,-0.479,0.013,0.138,0.000,0.000,0.000,5.262,73.894,15.002,216,185,-1,24.99,,,,0.79507,-0.04199,0.60010,0.07684,,,,
2019-10-10 21:09:58,WT3F00000000,-0.479,0.013,0.138,0.000,0.000,0.000,5.262,73.894,15.419,218,184,-2,24.99,,,,0.79480,-0.04416,0.59995,0.07974,,,,
2019-10-10 21:09:58,WT3F00000000,-0.479,0.013,0.138,0.000,0.000,0.000,5.262,73.894,15.765,217,182,-11,24.99,,,,0.79456,-0.04596,0.59982,0.08212,,,,
2019-10-10 21:09:58,WT3F00000000,-0.479,0.013,0.138,0.000,0.000,0.000,5.262,73.894,16.035,216,183,-8,24.99,,,,0.79437,-0.04739,0.59970,0.08401,,,,
2019-10-10 21:09:58,WT3F00000000,-0.479,0.013,0.138,0.000,0.000,0.000,5.262,73.894,16.210,217,182,-11,24.99,,,,0.79422,-0.04831,0.59964,0.08521,,,,
2019-10-10 21:09:58,WT3F00000000,-0.479,0.013,0.138,0.000,0.000,0.000,5.262,73.894,16.370,218,184,-19,24.99,,,,0.79410,-0.04913,0.59955,0.08633,,,,
2019-10-10 21:09:58,WT3F00000000,-0.479,0.013,0.138,0.000,0.000,0.000,5.262,73.894,16.452,219,183,-21,24.99,,,,0.79404,-0.04956,0.59952,0.08688,,,,
2019-10-10 21:09:59,WT3F00000000,-0.479,0.013,0.138,0.000,0.000,0.000,5.262,73.894,16.573,218,180,-12,24.99,,,,0.79395,-0.05020,0.59949,0.08771,,,,
2019-10-10 21:09:59,WT3F00000000,-0.479,0.013,0.138,0.000,0.000,0.000,5.262,73.894,16.749,215,183,-7,24.99,,,,0.79382,-0.05112,0.59940,0.08893,,,,
2019-10-10 21:09:59,WT3F00000000,-0.479,0.013,0.138,0.000,0.000,0.000,5.262,73.894,16.930,213,181,-13,24.99,,,,0.79367,-0.05206,0.59930,0.09018,,,,
2019-10-10 21:09:59,WT3F00000000,-0.479,0.013,0.138,0.000,0.000,0.000,5.262,73.894,17.150,210,184,0,24.99,,,,0.79352,-0.05322,0.59921,0.09171,,,,
2019-10-10 21:09:59,WT3F00000000,-0.479,0.013,0.138,0.000,0.000,0.000,5.262,73.894,17.386,213,185,-7,24.99,,,,0.79330,-0.05444,0.59909,0.09335,,,,
2019-10-10 21:09:59,WT3F00000000,-0.479,0.013,0.138,0.000,0.000,0.000,5.262,73.894,17.551,213,184,-7,24.99,,,,0.79318,-0.05533,0.59903,0.09451,,,,
2019-10-10 21:10:00,WT3F00000000,-0.479,0.013,0.138,0.000,0.000,0.000,5.262,73.894,17.732,216,185,-2,24.99,,,,0.79303,-0.05624,0.59894,0.09573,,,,
2019-10-10 21:10:00,WT3F00000000,-0.479,0.013,0.138,0.000,0.000,0.000,5.262,73.894,17.974,212,182,-3,24.99,,,,0.79282,-0.05750,0.59882,0.09741,,,,
2019-10-10 21:10:00,WT3F00000000,-0.479,0.013,0.138,0.000,0.000,0.000,5.262,73.894,18.138,215,187,-4,24.99,,,,0.79269,-0.05838,0.59872,0.09854,,,,
2019-10-10 21:10:00,WT3F00000000,-0.479,0.013,0.138,0.000,0.000,0.000,5.262,73.894,18.303,213,185,-5,24.99,,,,0.79254,-0.05923,0.59863,0.09970,,,,
2019-10-10 21:10:00,WT3F00000000,-0.479,0.013,0.138,0.000,0.000,0.000,5.262,73.894,18.441,213,184,-7,24.99,,,,0.79242,-0.05997,0.59857,0.10068,,,,
2019-10-10 21:10:00,WT3F00000000,-0.479,0.013,0.138,0.000,0.000,0.000,5.262,73.894,18.545,210,185,-9,24.99,,,,0.79233,-0.06052,0.59851,0.10138,,,,
2019-10-10 21:10:00,WT3F00000000,-0.479,0.013,0.138,0.000,0.000,0.000,5.262,73.894,18.572,210,189,-15,24.99,,,,0.79230,-0.06067,0.59851,0.10159,,,,
2019-10-10 21:10:00,WT3F00000000,-0.479,0.013,0.138,0.000,0.000,0.000,5.262,73.894,18.495,212,187,-15,24.99,,,,0.79236,-0.06027,0.59854,0.10104,,,,
2019-10-10 21:10:01,WT3F00000000,-0.479,0.013,0.138,0.000,0.000,0.000,5.262,73.894,18.452,213,186,-24,24.99,,,,0.79242,-0.06003,0.59857,0.10074,,,,
2019-10-10 21:10:01,WT3F00000000,-0.479,0.013,0.138,0.000,0.000,0.000,5.262,73.894,18.309,215,188,-20,24.99,,,,0.79254,-0.05930,0.59863,0.09976,,,,
2019-10-10 21:10:01,WT3F00000000,-0.479,0.013,0.138,0.000,0.000,0.000,5.262,73.894,18.298,214,182,-12,24.99,,,,0.79254,-0.05920,0.59866,0.09967,,,,
2019-10-10 21:10:01,WT3F00000000,-0.479,0.013,0.138,0.000,0.000,0.000,5.262,73.894,18.320,215,182,-18,24.99,,,,0.79254,-0.05933,0.59863,0.09982,,,,
2019-10-10 21:10:01,WT3F00000000,-0.479,0.013,0.138,0.000,0.000,0.000,5.262,73.894,15.260,214,215,-150,24.99,,,,0.79492,-0.04333,0.60001,0.07864,,,,
2019-10-10 21:10:01,WT3F00000000,-0.479,0.013,0.138,0.000,0.000,0.000,5.262,73.894,14.535,219,186,-40,24.99,,,,0.79538,-0.03952,0.60028,0.07358,,,,
2019-10-10 21:10:02,WT3F00000000,-0.479,0.013,0.138,0.000,0.000,0.000,5.262,73.894,10.981,216,185,-174,24.99,,,,0.79730,-0.02087,0.60120,0.04889,,,,
2019-10-10 21:10:02,WT3F00000000,-0.479,0.013,0.138,0.000,0.000,0.000,5.262,73.894,10.393,220,185,-36,24.99,,,,0.79755,-0.01779,0.60132,0.04480,,,,
2019-10-10 21:10:02,WT3F00000000,-0.479,0.013,0.138,0.000,0.000,0.000,5.262,73.894,10.860,221,190,-7,24.99,,,,0.79733,-0.02026,0.60123,0.04803,,,,
2019-10-10 21:10:02,WT3F00000000,-0.479,0.013,0.138,0.000,0.000,0.000,5.262,73.894,11.305,215,191,-21,24.99,,,,0.79715,-0.02258,0.60114,0.05115,,,,
2019-10-10 21:10:02,WT3F00000000,-0.479,0.013,0.138,0.000,0.000,0.000,5.262,73.894,11.536,216,189,-27,24.99,,,,0.79706,-0.02380,0.60110,0.05276,,,,
2019-10-10 21:10:02,WT3F00000000,-0.479,0.013,0.138,0.000,0.000,0.000,5.262,73.894,11.717,213,184,-27,24.99,,,,0.79697,-0.02475,0.60107,0.05402,,,,
2019-10-10 21:10:03,WT3F00000000,-0.479,0.013,0.138,0.000,0.000,0.000,5.262,73.894,12.003,216,186,-18,24.99,,,,0.79681,-0.02625,0.60101,0.05597,,,,
2019-10-10 21:10:03,WT3F00000000,-0.479,0.013,0.138,0.000,0.000,0.000,5.262,73.894,12.321,216,187,-20,24.99,,,,0.79666,-0.02792,0.60092,0.05820,,,,
2019-10-10 21:10:03,WT3F00000000,-0.479,0.013,0.138,0.000,0.000,0.000,5.262,73.894,12.607,213,189,-15,24.99,,,,0.79651,-0.02945,0.60086,0.06021,,,,
2019-10-10 21:10:03,WT3F00000000,-0.479,0.013,0.138,0.000,0.000,0.000,5.262,73.894,12.892,214,190,-19,24.99,,,,0.79636,-0.03091,0.60077,0.06216,,,,
2019-10-10 21:10:03,WT3F00000000,-0.479,0.013,0.138,0.000,0.000,0.000,5.262,73.894,11.898,214,404,-658,24.99,,,,0.79688,-0.02573,0.60101,0.05530,,,,
2019-10-10 21:10:03,WT3F00000000,-0.479,0.013,0.138,0.000,0.000,0.000,5.262,73.894,9.816,217,214,-87,24.99,,,,0.79776,-0.01477,0.60138,0.04077,,,,
2019-10-10 21:10:03,WT3F00000000,-0.479,0.013,0.138,0.000,0.000,0.000,5.262,73.894,9.888,213,189,-19,24.99,,,,0.79773,-0.01517,0.60138,0.04129,,,,
2019-10-10 21:10:03,WT3F00000000,-0.479,0.013,0.138,0.000,0.000,0.000,5.262,73.894,10.338,215,186,-18,24.99,,,,0.79755,-0.01755,0.60132,0.04443,,,,
2019-10-10 21:10:04,WT3F00000000,-0.479,0.013,0.138,0.000,0.000,0.000,5.262,73.894,10.756,214,186,-17,24.99,,,,0.79739,-0.01971,0.60126,0.04733,,,,
2019-10-10 21:10:04,WT3F00000000,-0.479,0.013,0.138,0.000,0.000,0.000,5.262,73.894,11.080,213,188,-22,24.99,,,,0.79724,-0.02142,0.60120,0.04959,,,,
2019-10-10 21:10:04,WT3F00000000,-0.479,0.013,0.138,0.000,0.000,0.000,5.262,73.894,11.371,214,187,-19,24.99,,,,0.79712,-0.02292,0.60114,0.05161,,,,
2019-10-10 21:10:04,WT3F00000000,-0.479,0.013,0.138,0.000,0.000,0.000,5.262,73.894,11.772,214,191,-12,24.99,,,,0.79694,-0.02502,0.60104,0.05438,,,,
2019-10-10 21:10:04,WT3F00000000,-0.479,0.013,0.138,0.000,0.000,0.000,5.262,73.894,12.096,212,193,-20,24.99,,,,0.79678,-0.02676,0.60098,0.05667,,,,
2019-10-10 21:10:04,WT3F00000000,-0.479,0.013,0.138,0.000,0.000,0.000,5.262,73.894,12.343,210,194,-20,24.99,,,,0.79666,-0.02805,0.60092,0.05838,,,,
2019-10-10 21:10:05,WT3F00000000,-0.479,0.013,0.138,0.000,0.000,0.000,5.262,73.894,12.612,217,191,-16,24.99,,,,0.79651,-0.02945,0.60086,0.06024,,,,
2019-10-10 21:10:05,WT3F00000000,-0.479,0.013,0.138,0.000,0.000,0.000,5.262,73.894,12.832,220,189,-21,24.99,,,,0.79639,-0.03061,0.60080,0.06177,,,,
2019-10-10 21:10:05,WT3F00000000,-0.479,0.013,0.138,0.000,0.000,0.000,5.262,73.894,13.079,217,191,-16,24.99,,,,0.79626,-0.03189,0.60074,0.06348,,,,
2019-10-10 21:10:05,WT3F00000000,-0.479,0.013,0.138,0.000,0.000,0.000,5.262,73.894,13.332,217,192,-22,24.99,,,,0.79611,-0.03323,0.60065,0.06525,,,,
2019-10-10 21:10:05,WT3F00000000,-0.479,0.013,0.138,0.000,0.000,0.000,5.262,73.894,13.574,214,188,-14,24.99,,,,0.79599,-0.03452,0.60059,0.06693,,,,
2019-10-10 21:10:05,WT3F00000000,-0.479,0.013,0.138,0.000,0.000,0.000,5.262,73.894,13.865,218,190,-11,24.99,,,,0.79581,-0.03601,0.60049,0.06894,,,,
2019-10-10 21:10:06,WT3F00000000,-0.479,0.013,0.138,0.000,0.000,0.000,5.262,73.894,14.194,210,188,-9,24.99,,,,0.79562,-0.03772,0.60037,0.07123,,,,
2019-10-10 21:10:06,WT3F00000000,-0.479,0.013,0.138,0.000,0.000,0.000,5.262,73.894,14.409,214,188,-21,24.99,,,,0.79547,-0.03888,0.60031,0.07272,,,,
2019-10-10 21:10:06,WT3F00000000,-0.479,0.013,0.138,0.000,0.000,0.000,5.262,73.894,14.458,220,189,-25,24.99,,,,0.79544,-0.03912,0.60031,0.07306,,,,
2019-10-10 21:10:06,WT3F00000000,-0.479,0.013,0.138,0.000,0.000,0.000,5.262,73.894,14.551,219,189,-24,24.99,,,,0.79538,-0.03961,0.60028,0.07370,,,,
2019-10-10 21:10:06,WT3F00000000,-0.479,0.013,0.138,0.000,0.000,0.000,5.262,73.894,14.694,219,190,-17,24.99,,,,0.79529,-0.04034,0.60022,0.07468,,,,
2019-10-10 21:10:06,WT3F00000000,-0.479,0.013,0.138,0.000,0.000,0.000,5.262,73.894,14.941,221,188,-14,24.99,,,,0.79514,-0.04166,0.60013,0.07642,,,,
2019-10-10 21:10:06,WT3F00000000,-0.479,0.013,0.138,0.000,0.000,0.000,5.262,73.894,15.167,214,187,-11,24.99,,,,0.79498,-0.04285,0.60004,0.07800,,,,
2019-10-10 21:10:06,WT3F00000000,-0.479,0.013,0.138,0.000,0.000,0.000,5.262,73.894,15.419,217,189,-11,24.99,,,,0.79480,-0.04416,0.59995,0.07971,,,,
2019-10-10 21:10:07,WT3F00000000,-0.479,0.013,0.138,0.000,0.000,0.000,5.262,73.894,15.568,210,190,-15,24.99,,,,0.79471,-0.04495,0.59988,0.08078,,,,
2019-10-10 21:10:07,WT3F00000000,-0.479,0.013,0.138,0.000,0.000,0.000,5.262,73.894,15.699,213,189,-16,24.99,,,,0.79462,-0.04562,0.59985,0.08167,,,,
2019-10-10 21:10:07,WT3F00000000,-0.479,0.013,0.138,0.000,0.000,0.000,5.262,73.894,14.733,631,386,-221,24.99,,,,0.79526,-0.04059,0.60019,0.07498,,,,
2019-10-10 21:10:07,WT3F00000000,-0.479,0.013,0.138,0.000,0.000,0.000,5.262,73.894,14.337,265,210,-43,24.99,,,,0.79553,-0.03848,0.60034,0.07224,,,,
2019-10-10 21:10:07,WT3F00000000,-0.479,0.013,0.138,0.000,0.000,0.000,5.262,73.894,14.343,225,191,-26,24.99,,,,0.79550,-0.03854,0.60034,0.07227,,,,
2019-10-10 21:10:07,WT3F00000000,-0.479,0.013,0.138,0.000,0.000,0.000,5.262,73.894,14.601,221,181,-8,24.99,,,,0.79535,-0.03989,0.60025,0.07407,,,,
2019-10-10 21:10:08,WT3F00000000,-0.479,0.013,0.138,0.000,0.000,0.000,5.262,73.894,14.908,214,183,-12,24.99,,,,0.79514,-0.04147,0.60013,0.07617,,,,
2019-10-10 21:10:08,WT3F00000000,-0.479,0.013,0.138,0.000,0.000,0.000,5.262,73.894,15.200,216,189,-7,24.99,,,,0.79495,-0.04300,0.60004,0.07822,,,,
2019-10-10 21:10:08,WT3F00000000,-0.479,0.013,0.138,0.000,0.000,0.000,5.262,73.894,15.474,218,188,-5,24.99,,,,0.79477,-0.04443,0.59991,0.08011,,,,
2019-10-10 21:10:08,WT3F00000000,-0.479,0.013,0.138,0.000,0.000,0.000,5.262,73.894,15.738,219,185,-10,24.99,,,,0.79459,-0.04584,0.59982,0.08194,,,,
2019-10-10 21:10:08,WT3F00000000,-0.479,0.013,0.138,0.000,0.000,0.000,5.262,73.894,15.958,217,191,-17,24.99,,,,0.79440,-0.04700,0.59973,0.08347,,,,
2019-10-10 21:10:08,WT3F00000000,-0.479,0.013,0.138,0.000,0.000,0.000,5.262,73.894,16.084,216,192,-13,24.99,,,,0.79431,-0.04767,0.59967,0.08435,,,,
2019-10-10 21:10:09,WT3F00000000,-0.479,0.013,0.138,0.000,0.000,0.000,5.262,73.894,16.342,219,189,-6,24.99,,,,0.79413,-0.04901,0.59958,0.08612,,,,
2019-10-10 21:10:09,WT3F00000000,-0.479,0.013,0.138,0.000,0.000,0.000,5.262,73.894,16.584,217,191,-10,24.99,,,,0.79395,-0.05026,0.59946,0.08780,,,,
2019-10-10 21:10:09,WT3F00000000,-0.479,0.013,0.138,0.000,0.000,0.000,5.262,73.894,16.694,214,190,-16,24.99,,,,0.79385,-0.05084,0.59943,0.08856,,,,
2019-10-10 21:10:09,WT3F00000000,-0.479,0.013,0.138,0.000,0.000,0.000,5.262,73.894,16.688,213,192,-21,24.99,,,,0.79388,-0.05081,0.59943,0.08853,,,,
2019-10-10 21:10:09,WT3F00000000,-0.479,0.013,0.138,0.000,0.000,0.000,5.262,73.894,16.628,214,192,-24,24.99,,,,0.79391,-0.05048,0.59946,0.08810,,,,
2019-10-10 21:10:09,WT3F00000000,-0.479,0.013,0.138,0.000,0.000,0.000,5.262,73.894,16.573,212,190,-18,24.99,,,,0.79395,-0.05020,0.59949,0.08774,,,,
2019-10-10 21:10:09,WT3F00000000,-0.479,0.013,0.138,0.000,0.000,0.000,5.262,73.894,16.578,211,190,-24,24.99,,,,0.79395,-0.05023,0.59946,0.08777,,,,
2019-10-10 21:10:09,WT3F00000000,-0.479,0.013,0.138,0.000,0.000,0.000,5.262,73.894,16.562,211,190,-19,24.99,,,,0.79398,-0.05014,0.59949,0.08765,,,,
2019-10-10 21:10:10,WT3F00000000,-0.479,0.013,0.138,0.000,0.000,0.000,5.262,73.894,16.523,210,190,-26,24.99,,,,0.79401,-0.04993,0.59949,0.08737,,,,
2019-10-10 21:10:10,WT3F00000000,-0.479,0.013,0.138,0.000,0.000,0.000,5.262,73.894,16.458,213,191,-19,24.99,,,,0.79404,-0.04959,0.59952,0.08694,,,,
2019-10-10 21:10:10,WT3F00000000,-0.479,0.013,0.138,0.000,0.000,0.000,5.262,73.894,16.463,207,188,-20,24.99,,,,0.79404,-0.04962,0.59952,0.08698,,,,
2019-10-10 21:10:10,WT3F00000000,-0.479,0.013,0.138,0.000,0.000,0.000,5.262,73.894,16.430,213,191,-24,24.99,,,,0.79407,-0.04944,0.59955,0.08673,,,,
2019-10-10 21:10:10,WT3F00000000,-0.479,0.013,0.138,0.000,0.000,0.000,5.262,73.894,16.425,213,190,-19,24.99,,,,0.79407,-0.04941,0.59955,0.08670,,,,
2019-10-10 21:10:10,WT3F00000000,-0.479,0.013,0.138,0.000,0.000,0.000,5.262,73.894,13.332,211,188,-209,24.99,,,,0.79611,-0.03323,0.60065,0.06525,,,,
2019-10-10 21:10:11,WT3F00000000,-0.479,0.013,0.138,0.000,0.000,0.000,5.262,73.894,12.365,214,191,-39,24.99,,,,0.79663,-0.02817,0.60092,0.05850,,,,
2019-10-10 21:10:11,WT3F00000000,-0.479,0.013,0.138,0.000,0.000,0.000,5.262,73.894,12.513,210,189,-23,24.99,,,,0.79657,-0.02893,0.60086,0.05954,,,,
2019-10-10 21:10:11,WT3F00000000,-0.479,0.013,0.138,0.000,0.000,0.000,5.262,73.894,12.706,213,194,-22,24.99,,,,0.79648,-0.02997,0.60083,0.06091,,,,
2019-10-10 21:10:11,WT3F00000000,-0.479,0.013,0.138,0.000,0.000,0.000,5.262,73.894,10.289,211,191,-348,24.99,,,,0.79758,-0.01724,0.60132,0.04407,,,,
2019-10-10 21:10:11,WT3F00000000,-0.479,0.013,0.138,0.000,0.000,0.000,5.262,73.894,8.377,214,191,-1076,24.99,,,,0.79819,-0.00720,0.60153,0.03073,,,,
2019-10-10 21:10:11,WT3F00000000,-0.479,0.013,0.138,0.000,0.000,0.000,5.262,73.894,5.213,211,195,-151,24.99,,,,0.79874,0.00934,0.60150,0.00873,,,,
2019-10-10 21:10:12,WT3F00000000,-0.479,0.013,0.138,0.000,0.000,0.000,5.262,73.894,5.081,215,193,-37,24.99,,,,0.79877,0.01004,0.60150,0.00781,,,,
2019-10-10 21:10:12,WT3F00000000,-0.479,0.013,0.138,0.000,0.000,0.000,5.262,73.894,5.576,213,193,-28,24.99,,,,0.79871,0.00745,0.60153,0.01123,,,,
2019-10-10 21:10:12,WT3F00000000,-0.479,0.013,0.138,0.000,0.000,0.000,5.262,73.894,6.086,213,190,-26,24.99,,,,0.79865,0.00476,0.60156,0.01480,,,,
2019-10-10 21:10:12,WT3F00000000,-0.479,0.013,0.138,0.000,0.000,0.000,5.262,73.894,6.608,214,189,-20,24.99,,,,0.79858,0.00201,0.60156,0.01843,,,,
2019-10-10 21:10:12,WT3F00000000,-0.479,0.013,0.138,0.000,0.000,0.000,5.262,73.894,7.141,217,186,-29,24.99,,,,0.79849,-0.00076,0.60156,0.02216,,,,
2019-10-10 21:10:12,WT3F00000000,-0.479,0.013,0.138,0.000,0.000,0.000,5.262,73.894,7.646,214,191,-21,24.99,,,,0.79837,-0.00339,0.60156,0.02567,,,,
2019-10-10 21:10:12,WT3F00000000,-0.479,0.013,0.138,0.000,0.000,0.000,5.262,73.894,7.789,2007,539,-1104,24.99,,,,0.79834,-0.00415,0.60156,0.02667,,,,
2019-10-10 21:10:12,WT3F00000000,-0.479,0.013,0.138,0.000,0.000,0.000,5.262,73.894,6.317,431,235,-150,24.99,,,,0.79861,0.00354,0.60156,0.01642,,,,
2019-10-10 21:10:13,WT3F00000000,-0.479,0.013,0.138,0.000,0.000,0.000,5.262,73.894,6.471,240,195,-37,24.99,,,,0.79861,0.00275,0.60156,0.01749,,,,
2019-10-10 21:10:13,WT3F00000000,-0.479,0.013,0.138,0.000,0.000,0.000,5.262,73.894,6.982,214,190,-19,24.99,,,,0.79852,0.00006,0.60156,0.02106,,,,
2019-10-10 21:10:13,WT3F00000000,-0.479,0.013,0.138,0.000,0.000,0.000,5.262,73.894,7.592,212,188,-14,24.99,,,,0.79840,-0.00311,0.60156,0.02530,,,,
2019-10-10 21:10:13,WT3F00000000,-0.479,0.013,0.138,0.000,0.000,0.000,5.262,73.894,8.174,207,187,-17,24.99,,,,0.79825,-0.00616,0.60153,0.02936,,,,
2019-10-10 21:10:13,WT3F00000000,-0.479,0.013,0.138,0.000,0.000,0.000,5.262,73.894,8.597,209,186,-31,24.99,,,,0.79813,-0.00836,0.60150,0.03229,,,,
2019-10-10 21:10:13,WT3F00000000,-0.479,0.013,0.138,0.000,0.000,0.000,5.262,73.894,8.937,212,189,-28,24.99,,,,0.79803,-0.01016,0.60147,0.03467,,,,
2019-10-10 21:10:14,WT3F00000000,-0.479,0.013,0.138,0.000,0.000,0.000,5.262,73.894,9.261,213,190,-24,24.99,,,,0.79794,-0.01187,0.60144,0.03693,,,,
2019-10-10 21:10:14,WT3F00000000,-0.479,0.013,0.138,0.000,0.000,0.000,5.262,73.894,9.630,214,190,-21,24.99,,,,0.79782,-0.01379,0.60141,0.03949,,,,
2019-10-10 21:10:14,WT3F00000000,-0.479,0.013,0.138,0.000,0.000,0.000,5.262,73.894,10.052,217,189,-17,24.99,,,,0.79767,-0.01602,0.60135,0.04245,,,,
2019-10-10 21:10:14,WT3F00000000,-0.479,0.013,0.138,0.000,0.000,0.000,5.262,73.894,10.437,217,190,-21,24.99,,,,0.79752,-0.01804,0.60129,0.04510,,,,
2019-10-10 21:10:14,WT3F00000000,-0.479,0.013,0.138,0.000,0.000,0.000,5.262,73.894,10.800,209,186,-18,24.99,,,,0.79736,-0.01996,0.60123,0.04764,,,,
2019-10-10 21:10:14,WT3F00000000,-0.479,0.013,0.138,0.000,0.000,0.000,5.262,73.894,11.025,215,190,-31,24.99,,,,0.79727,-0.02112,0.60120,0.04919,,,,
2019-10-10 21:10:14,WT3F00000000,-0.479,0.013,0.138,0.000,0.000,0.000,5.262,73.894,11.228,213,184,-26,24.99,,,,0.79718,-0.02219,0.60117,0.05063,,,,
